[2025-02-04T00:00:19.891+0000] {processor.py:186} INFO - Started process (PID=447) to work on /opt/airflow/dags/dbt_dag.py
[2025-02-04T00:00:19.891+0000] {processor.py:914} INFO - Processing file /opt/airflow/dags/dbt_dag.py for tasks to queue
[2025-02-04T00:00:19.895+0000] {logging_mixin.py:190} INFO - [2025-02-04T00:00:19.895+0000] {dagbag.py:588} INFO - Filling up the DagBag from /opt/airflow/dags/dbt_dag.py
[2025-02-04T00:00:19.909+0000] {processor.py:925} INFO - DAG(s) 'dbt_pipeline' retrieved from /opt/airflow/dags/dbt_dag.py
[2025-02-04T00:00:19.956+0000] {logging_mixin.py:190} INFO - [2025-02-04T00:00:19.955+0000] {dag.py:3239} INFO - Sync 1 DAGs
[2025-02-04T00:00:19.973+0000] {logging_mixin.py:190} INFO - [2025-02-04T00:00:19.973+0000] {dag.py:4180} INFO - Setting next_dagrun for dbt_pipeline to None, run_after=None
[2025-02-04T00:00:19.990+0000] {processor.py:208} INFO - Processing /opt/airflow/dags/dbt_dag.py took 0.108 seconds
[2025-02-04T00:00:50.334+0000] {processor.py:186} INFO - Started process (PID=459) to work on /opt/airflow/dags/dbt_dag.py
[2025-02-04T00:00:50.335+0000] {processor.py:914} INFO - Processing file /opt/airflow/dags/dbt_dag.py for tasks to queue
[2025-02-04T00:00:50.339+0000] {logging_mixin.py:190} INFO - [2025-02-04T00:00:50.338+0000] {dagbag.py:588} INFO - Filling up the DagBag from /opt/airflow/dags/dbt_dag.py
[2025-02-04T00:00:50.354+0000] {processor.py:925} INFO - DAG(s) 'dbt_pipeline' retrieved from /opt/airflow/dags/dbt_dag.py
[2025-02-04T00:00:50.387+0000] {logging_mixin.py:190} INFO - [2025-02-04T00:00:50.387+0000] {dag.py:3239} INFO - Sync 1 DAGs
[2025-02-04T00:00:50.402+0000] {logging_mixin.py:190} INFO - [2025-02-04T00:00:50.402+0000] {dag.py:4180} INFO - Setting next_dagrun for dbt_pipeline to None, run_after=None
[2025-02-04T00:00:50.420+0000] {processor.py:208} INFO - Processing /opt/airflow/dags/dbt_dag.py took 0.094 seconds
[2025-02-04T00:01:20.895+0000] {processor.py:186} INFO - Started process (PID=468) to work on /opt/airflow/dags/dbt_dag.py
[2025-02-04T00:01:20.898+0000] {processor.py:914} INFO - Processing file /opt/airflow/dags/dbt_dag.py for tasks to queue
[2025-02-04T00:01:20.900+0000] {logging_mixin.py:190} INFO - [2025-02-04T00:01:20.900+0000] {dagbag.py:588} INFO - Filling up the DagBag from /opt/airflow/dags/dbt_dag.py
[2025-02-04T00:01:20.919+0000] {processor.py:925} INFO - DAG(s) 'dbt_pipeline' retrieved from /opt/airflow/dags/dbt_dag.py
[2025-02-04T00:01:20.959+0000] {logging_mixin.py:190} INFO - [2025-02-04T00:01:20.959+0000] {dag.py:3239} INFO - Sync 1 DAGs
[2025-02-04T00:01:20.973+0000] {logging_mixin.py:190} INFO - [2025-02-04T00:01:20.973+0000] {dag.py:4180} INFO - Setting next_dagrun for dbt_pipeline to None, run_after=None
[2025-02-04T00:01:20.994+0000] {processor.py:208} INFO - Processing /opt/airflow/dags/dbt_dag.py took 0.105 seconds
[2025-02-04T00:01:51.350+0000] {processor.py:186} INFO - Started process (PID=479) to work on /opt/airflow/dags/dbt_dag.py
[2025-02-04T00:01:51.351+0000] {processor.py:914} INFO - Processing file /opt/airflow/dags/dbt_dag.py for tasks to queue
[2025-02-04T00:01:51.355+0000] {logging_mixin.py:190} INFO - [2025-02-04T00:01:51.354+0000] {dagbag.py:588} INFO - Filling up the DagBag from /opt/airflow/dags/dbt_dag.py
[2025-02-04T00:01:51.378+0000] {processor.py:925} INFO - DAG(s) 'dbt_pipeline' retrieved from /opt/airflow/dags/dbt_dag.py
[2025-02-04T00:01:51.422+0000] {logging_mixin.py:190} INFO - [2025-02-04T00:01:51.421+0000] {dag.py:3239} INFO - Sync 1 DAGs
[2025-02-04T00:01:51.442+0000] {logging_mixin.py:190} INFO - [2025-02-04T00:01:51.441+0000] {dag.py:4180} INFO - Setting next_dagrun for dbt_pipeline to None, run_after=None
[2025-02-04T00:01:51.462+0000] {processor.py:208} INFO - Processing /opt/airflow/dags/dbt_dag.py took 0.122 seconds
[2025-02-04T00:02:21.792+0000] {processor.py:186} INFO - Started process (PID=489) to work on /opt/airflow/dags/dbt_dag.py
[2025-02-04T00:02:21.794+0000] {processor.py:914} INFO - Processing file /opt/airflow/dags/dbt_dag.py for tasks to queue
[2025-02-04T00:02:21.796+0000] {logging_mixin.py:190} INFO - [2025-02-04T00:02:21.795+0000] {dagbag.py:588} INFO - Filling up the DagBag from /opt/airflow/dags/dbt_dag.py
[2025-02-04T00:02:21.805+0000] {processor.py:925} INFO - DAG(s) 'dbt_pipeline' retrieved from /opt/airflow/dags/dbt_dag.py
[2025-02-04T00:02:21.833+0000] {logging_mixin.py:190} INFO - [2025-02-04T00:02:21.833+0000] {dag.py:3239} INFO - Sync 1 DAGs
[2025-02-04T00:02:21.845+0000] {logging_mixin.py:190} INFO - [2025-02-04T00:02:21.844+0000] {dag.py:4180} INFO - Setting next_dagrun for dbt_pipeline to None, run_after=None
[2025-02-04T00:02:21.862+0000] {processor.py:208} INFO - Processing /opt/airflow/dags/dbt_dag.py took 0.075 seconds
[2025-02-04T00:02:52.244+0000] {processor.py:186} INFO - Started process (PID=498) to work on /opt/airflow/dags/dbt_dag.py
[2025-02-04T00:02:52.245+0000] {processor.py:914} INFO - Processing file /opt/airflow/dags/dbt_dag.py for tasks to queue
[2025-02-04T00:02:52.251+0000] {logging_mixin.py:190} INFO - [2025-02-04T00:02:52.251+0000] {dagbag.py:588} INFO - Filling up the DagBag from /opt/airflow/dags/dbt_dag.py
[2025-02-04T00:02:52.273+0000] {processor.py:925} INFO - DAG(s) 'dbt_pipeline' retrieved from /opt/airflow/dags/dbt_dag.py
[2025-02-04T00:02:52.312+0000] {logging_mixin.py:190} INFO - [2025-02-04T00:02:52.312+0000] {dag.py:3239} INFO - Sync 1 DAGs
[2025-02-04T00:02:52.327+0000] {logging_mixin.py:190} INFO - [2025-02-04T00:02:52.327+0000] {dag.py:4180} INFO - Setting next_dagrun for dbt_pipeline to None, run_after=None
[2025-02-04T00:02:52.348+0000] {processor.py:208} INFO - Processing /opt/airflow/dags/dbt_dag.py took 0.113 seconds
[2025-02-04T00:03:22.755+0000] {processor.py:186} INFO - Started process (PID=509) to work on /opt/airflow/dags/dbt_dag.py
[2025-02-04T00:03:22.757+0000] {processor.py:914} INFO - Processing file /opt/airflow/dags/dbt_dag.py for tasks to queue
[2025-02-04T00:03:22.759+0000] {logging_mixin.py:190} INFO - [2025-02-04T00:03:22.759+0000] {dagbag.py:588} INFO - Filling up the DagBag from /opt/airflow/dags/dbt_dag.py
[2025-02-04T00:03:22.771+0000] {processor.py:925} INFO - DAG(s) 'dbt_pipeline' retrieved from /opt/airflow/dags/dbt_dag.py
[2025-02-04T00:03:22.807+0000] {logging_mixin.py:190} INFO - [2025-02-04T00:03:22.806+0000] {dag.py:3239} INFO - Sync 1 DAGs
[2025-02-04T00:03:22.822+0000] {logging_mixin.py:190} INFO - [2025-02-04T00:03:22.822+0000] {dag.py:4180} INFO - Setting next_dagrun for dbt_pipeline to None, run_after=None
[2025-02-04T00:03:22.840+0000] {processor.py:208} INFO - Processing /opt/airflow/dags/dbt_dag.py took 0.092 seconds
[2025-02-04T00:03:53.301+0000] {processor.py:186} INFO - Started process (PID=519) to work on /opt/airflow/dags/dbt_dag.py
[2025-02-04T00:03:53.302+0000] {processor.py:914} INFO - Processing file /opt/airflow/dags/dbt_dag.py for tasks to queue
[2025-02-04T00:03:53.305+0000] {logging_mixin.py:190} INFO - [2025-02-04T00:03:53.305+0000] {dagbag.py:588} INFO - Filling up the DagBag from /opt/airflow/dags/dbt_dag.py
[2025-02-04T00:03:53.328+0000] {processor.py:925} INFO - DAG(s) 'dbt_pipeline' retrieved from /opt/airflow/dags/dbt_dag.py
[2025-02-04T00:03:53.368+0000] {logging_mixin.py:190} INFO - [2025-02-04T00:03:53.368+0000] {dag.py:3239} INFO - Sync 1 DAGs
[2025-02-04T00:03:53.385+0000] {logging_mixin.py:190} INFO - [2025-02-04T00:03:53.385+0000] {dag.py:4180} INFO - Setting next_dagrun for dbt_pipeline to None, run_after=None
[2025-02-04T00:03:53.405+0000] {processor.py:208} INFO - Processing /opt/airflow/dags/dbt_dag.py took 0.110 seconds
[2025-02-04T00:04:23.767+0000] {processor.py:186} INFO - Started process (PID=528) to work on /opt/airflow/dags/dbt_dag.py
[2025-02-04T00:04:23.768+0000] {processor.py:914} INFO - Processing file /opt/airflow/dags/dbt_dag.py for tasks to queue
[2025-02-04T00:04:23.772+0000] {logging_mixin.py:190} INFO - [2025-02-04T00:04:23.771+0000] {dagbag.py:588} INFO - Filling up the DagBag from /opt/airflow/dags/dbt_dag.py
[2025-02-04T00:04:23.790+0000] {processor.py:925} INFO - DAG(s) 'dbt_pipeline' retrieved from /opt/airflow/dags/dbt_dag.py
[2025-02-04T00:04:23.828+0000] {logging_mixin.py:190} INFO - [2025-02-04T00:04:23.828+0000] {dag.py:3239} INFO - Sync 1 DAGs
[2025-02-04T00:04:23.849+0000] {logging_mixin.py:190} INFO - [2025-02-04T00:04:23.849+0000] {dag.py:4180} INFO - Setting next_dagrun for dbt_pipeline to None, run_after=None
[2025-02-04T00:04:23.881+0000] {processor.py:208} INFO - Processing /opt/airflow/dags/dbt_dag.py took 0.123 seconds
[2025-02-04T00:04:54.270+0000] {processor.py:186} INFO - Started process (PID=539) to work on /opt/airflow/dags/dbt_dag.py
[2025-02-04T00:04:54.273+0000] {processor.py:914} INFO - Processing file /opt/airflow/dags/dbt_dag.py for tasks to queue
[2025-02-04T00:04:54.276+0000] {logging_mixin.py:190} INFO - [2025-02-04T00:04:54.276+0000] {dagbag.py:588} INFO - Filling up the DagBag from /opt/airflow/dags/dbt_dag.py
[2025-02-04T00:04:54.298+0000] {processor.py:925} INFO - DAG(s) 'dbt_pipeline' retrieved from /opt/airflow/dags/dbt_dag.py
[2025-02-04T00:04:54.327+0000] {logging_mixin.py:190} INFO - [2025-02-04T00:04:54.327+0000] {dag.py:3239} INFO - Sync 1 DAGs
[2025-02-04T00:04:54.338+0000] {logging_mixin.py:190} INFO - [2025-02-04T00:04:54.338+0000] {dag.py:4180} INFO - Setting next_dagrun for dbt_pipeline to None, run_after=None
[2025-02-04T00:04:54.358+0000] {processor.py:208} INFO - Processing /opt/airflow/dags/dbt_dag.py took 0.094 seconds
[2025-02-04T00:05:24.745+0000] {processor.py:186} INFO - Started process (PID=548) to work on /opt/airflow/dags/dbt_dag.py
[2025-02-04T00:05:24.749+0000] {processor.py:914} INFO - Processing file /opt/airflow/dags/dbt_dag.py for tasks to queue
[2025-02-04T00:05:24.753+0000] {logging_mixin.py:190} INFO - [2025-02-04T00:05:24.753+0000] {dagbag.py:588} INFO - Filling up the DagBag from /opt/airflow/dags/dbt_dag.py
[2025-02-04T00:05:24.777+0000] {processor.py:925} INFO - DAG(s) 'dbt_pipeline' retrieved from /opt/airflow/dags/dbt_dag.py
[2025-02-04T00:05:24.825+0000] {logging_mixin.py:190} INFO - [2025-02-04T00:05:24.824+0000] {dag.py:3239} INFO - Sync 1 DAGs
[2025-02-04T00:05:24.840+0000] {logging_mixin.py:190} INFO - [2025-02-04T00:05:24.840+0000] {dag.py:4180} INFO - Setting next_dagrun for dbt_pipeline to None, run_after=None
[2025-02-04T00:05:24.859+0000] {processor.py:208} INFO - Processing /opt/airflow/dags/dbt_dag.py took 0.130 seconds
[2025-02-04T00:05:55.106+0000] {processor.py:186} INFO - Started process (PID=561) to work on /opt/airflow/dags/dbt_dag.py
[2025-02-04T00:05:55.107+0000] {processor.py:914} INFO - Processing file /opt/airflow/dags/dbt_dag.py for tasks to queue
[2025-02-04T00:05:55.110+0000] {logging_mixin.py:190} INFO - [2025-02-04T00:05:55.110+0000] {dagbag.py:588} INFO - Filling up the DagBag from /opt/airflow/dags/dbt_dag.py
[2025-02-04T00:05:55.131+0000] {processor.py:925} INFO - DAG(s) 'dbt_pipeline' retrieved from /opt/airflow/dags/dbt_dag.py
[2025-02-04T00:05:55.170+0000] {logging_mixin.py:190} INFO - [2025-02-04T00:05:55.170+0000] {dag.py:3239} INFO - Sync 1 DAGs
[2025-02-04T00:05:55.186+0000] {logging_mixin.py:190} INFO - [2025-02-04T00:05:55.186+0000] {dag.py:4180} INFO - Setting next_dagrun for dbt_pipeline to None, run_after=None
[2025-02-04T00:05:55.203+0000] {processor.py:208} INFO - Processing /opt/airflow/dags/dbt_dag.py took 0.103 seconds
[2025-02-04T00:07:06.762+0000] {processor.py:186} INFO - Started process (PID=168) to work on /opt/airflow/dags/dbt_dag.py
[2025-02-04T00:07:06.764+0000] {processor.py:914} INFO - Processing file /opt/airflow/dags/dbt_dag.py for tasks to queue
[2025-02-04T00:07:06.770+0000] {logging_mixin.py:190} INFO - [2025-02-04T00:07:06.770+0000] {dagbag.py:588} INFO - Filling up the DagBag from /opt/airflow/dags/dbt_dag.py
[2025-02-04T00:07:06.811+0000] {processor.py:925} INFO - DAG(s) 'dbt_pipeline' retrieved from /opt/airflow/dags/dbt_dag.py
[2025-02-04T00:07:06.859+0000] {logging_mixin.py:190} INFO - [2025-02-04T00:07:06.859+0000] {dag.py:3239} INFO - Sync 1 DAGs
[2025-02-04T00:07:06.876+0000] {logging_mixin.py:190} INFO - [2025-02-04T00:07:06.876+0000] {dag.py:4180} INFO - Setting next_dagrun for dbt_pipeline to None, run_after=None
[2025-02-04T00:07:06.907+0000] {processor.py:208} INFO - Processing /opt/airflow/dags/dbt_dag.py took 0.152 seconds
[2025-02-04T00:07:37.120+0000] {processor.py:186} INFO - Started process (PID=201) to work on /opt/airflow/dags/dbt_dag.py
[2025-02-04T00:07:37.121+0000] {processor.py:914} INFO - Processing file /opt/airflow/dags/dbt_dag.py for tasks to queue
[2025-02-04T00:07:37.128+0000] {logging_mixin.py:190} INFO - [2025-02-04T00:07:37.128+0000] {dagbag.py:588} INFO - Filling up the DagBag from /opt/airflow/dags/dbt_dag.py
[2025-02-04T00:07:37.177+0000] {processor.py:925} INFO - DAG(s) 'dbt_pipeline' retrieved from /opt/airflow/dags/dbt_dag.py
[2025-02-04T00:07:37.233+0000] {logging_mixin.py:190} INFO - [2025-02-04T00:07:37.232+0000] {dag.py:3239} INFO - Sync 1 DAGs
[2025-02-04T00:07:37.252+0000] {logging_mixin.py:190} INFO - [2025-02-04T00:07:37.251+0000] {dag.py:4180} INFO - Setting next_dagrun for dbt_pipeline to None, run_after=None
[2025-02-04T00:07:37.275+0000] {processor.py:208} INFO - Processing /opt/airflow/dags/dbt_dag.py took 0.167 seconds
[2025-02-04T00:08:07.711+0000] {processor.py:186} INFO - Started process (PID=213) to work on /opt/airflow/dags/dbt_dag.py
[2025-02-04T00:08:07.712+0000] {processor.py:914} INFO - Processing file /opt/airflow/dags/dbt_dag.py for tasks to queue
[2025-02-04T00:08:07.717+0000] {logging_mixin.py:190} INFO - [2025-02-04T00:08:07.716+0000] {dagbag.py:588} INFO - Filling up the DagBag from /opt/airflow/dags/dbt_dag.py
[2025-02-04T00:08:07.774+0000] {processor.py:925} INFO - DAG(s) 'dbt_pipeline' retrieved from /opt/airflow/dags/dbt_dag.py
[2025-02-04T00:08:07.821+0000] {logging_mixin.py:190} INFO - [2025-02-04T00:08:07.820+0000] {dag.py:3239} INFO - Sync 1 DAGs
[2025-02-04T00:08:07.837+0000] {logging_mixin.py:190} INFO - [2025-02-04T00:08:07.837+0000] {dag.py:4180} INFO - Setting next_dagrun for dbt_pipeline to None, run_after=None
[2025-02-04T00:08:07.859+0000] {processor.py:208} INFO - Processing /opt/airflow/dags/dbt_dag.py took 0.157 seconds
[2025-02-04T00:08:38.138+0000] {processor.py:186} INFO - Started process (PID=225) to work on /opt/airflow/dags/dbt_dag.py
[2025-02-04T00:08:38.139+0000] {processor.py:914} INFO - Processing file /opt/airflow/dags/dbt_dag.py for tasks to queue
[2025-02-04T00:08:38.143+0000] {logging_mixin.py:190} INFO - [2025-02-04T00:08:38.142+0000] {dagbag.py:588} INFO - Filling up the DagBag from /opt/airflow/dags/dbt_dag.py
[2025-02-04T00:08:38.204+0000] {processor.py:925} INFO - DAG(s) 'dbt_pipeline' retrieved from /opt/airflow/dags/dbt_dag.py
[2025-02-04T00:08:38.252+0000] {logging_mixin.py:190} INFO - [2025-02-04T00:08:38.251+0000] {dag.py:3239} INFO - Sync 1 DAGs
[2025-02-04T00:08:38.267+0000] {logging_mixin.py:190} INFO - [2025-02-04T00:08:38.266+0000] {dag.py:4180} INFO - Setting next_dagrun for dbt_pipeline to None, run_after=None
[2025-02-04T00:08:38.288+0000] {processor.py:208} INFO - Processing /opt/airflow/dags/dbt_dag.py took 0.157 seconds
[2025-02-04T00:09:08.719+0000] {processor.py:186} INFO - Started process (PID=237) to work on /opt/airflow/dags/dbt_dag.py
[2025-02-04T00:09:08.720+0000] {processor.py:914} INFO - Processing file /opt/airflow/dags/dbt_dag.py for tasks to queue
[2025-02-04T00:09:08.725+0000] {logging_mixin.py:190} INFO - [2025-02-04T00:09:08.724+0000] {dagbag.py:588} INFO - Filling up the DagBag from /opt/airflow/dags/dbt_dag.py
[2025-02-04T00:09:08.793+0000] {processor.py:925} INFO - DAG(s) 'dbt_pipeline' retrieved from /opt/airflow/dags/dbt_dag.py
[2025-02-04T00:09:08.851+0000] {logging_mixin.py:190} INFO - [2025-02-04T00:09:08.850+0000] {dag.py:3239} INFO - Sync 1 DAGs
[2025-02-04T00:09:08.869+0000] {logging_mixin.py:190} INFO - [2025-02-04T00:09:08.868+0000] {dag.py:4180} INFO - Setting next_dagrun for dbt_pipeline to None, run_after=None
[2025-02-04T00:09:08.892+0000] {processor.py:208} INFO - Processing /opt/airflow/dags/dbt_dag.py took 0.191 seconds
[2025-02-04T00:09:39.108+0000] {processor.py:186} INFO - Started process (PID=264) to work on /opt/airflow/dags/dbt_dag.py
[2025-02-04T00:09:39.109+0000] {processor.py:914} INFO - Processing file /opt/airflow/dags/dbt_dag.py for tasks to queue
[2025-02-04T00:09:39.113+0000] {logging_mixin.py:190} INFO - [2025-02-04T00:09:39.113+0000] {dagbag.py:588} INFO - Filling up the DagBag from /opt/airflow/dags/dbt_dag.py
[2025-02-04T00:09:39.131+0000] {processor.py:925} INFO - DAG(s) 'dbt_pipeline' retrieved from /opt/airflow/dags/dbt_dag.py
[2025-02-04T00:09:39.163+0000] {logging_mixin.py:190} INFO - [2025-02-04T00:09:39.163+0000] {dag.py:3239} INFO - Sync 1 DAGs
[2025-02-04T00:09:39.176+0000] {logging_mixin.py:190} INFO - [2025-02-04T00:09:39.176+0000] {dag.py:4180} INFO - Setting next_dagrun for dbt_pipeline to None, run_after=None
[2025-02-04T00:09:39.195+0000] {processor.py:208} INFO - Processing /opt/airflow/dags/dbt_dag.py took 0.093 seconds
[2025-02-04T00:10:09.650+0000] {processor.py:186} INFO - Started process (PID=274) to work on /opt/airflow/dags/dbt_dag.py
[2025-02-04T00:10:09.651+0000] {processor.py:914} INFO - Processing file /opt/airflow/dags/dbt_dag.py for tasks to queue
[2025-02-04T00:10:09.656+0000] {logging_mixin.py:190} INFO - [2025-02-04T00:10:09.656+0000] {dagbag.py:588} INFO - Filling up the DagBag from /opt/airflow/dags/dbt_dag.py
[2025-02-04T00:10:09.679+0000] {processor.py:925} INFO - DAG(s) 'dbt_pipeline' retrieved from /opt/airflow/dags/dbt_dag.py
[2025-02-04T00:10:09.725+0000] {logging_mixin.py:190} INFO - [2025-02-04T00:10:09.724+0000] {dag.py:3239} INFO - Sync 1 DAGs
[2025-02-04T00:10:09.741+0000] {logging_mixin.py:190} INFO - [2025-02-04T00:10:09.741+0000] {dag.py:4180} INFO - Setting next_dagrun for dbt_pipeline to None, run_after=None
[2025-02-04T00:10:09.765+0000] {processor.py:208} INFO - Processing /opt/airflow/dags/dbt_dag.py took 0.125 seconds
[2025-02-04T00:10:40.027+0000] {processor.py:186} INFO - Started process (PID=285) to work on /opt/airflow/dags/dbt_dag.py
[2025-02-04T00:10:40.028+0000] {processor.py:914} INFO - Processing file /opt/airflow/dags/dbt_dag.py for tasks to queue
[2025-02-04T00:10:40.033+0000] {logging_mixin.py:190} INFO - [2025-02-04T00:10:40.032+0000] {dagbag.py:588} INFO - Filling up the DagBag from /opt/airflow/dags/dbt_dag.py
[2025-02-04T00:10:40.053+0000] {processor.py:925} INFO - DAG(s) 'dbt_pipeline' retrieved from /opt/airflow/dags/dbt_dag.py
[2025-02-04T00:10:40.097+0000] {logging_mixin.py:190} INFO - [2025-02-04T00:10:40.097+0000] {dag.py:3239} INFO - Sync 1 DAGs
[2025-02-04T00:10:40.129+0000] {logging_mixin.py:190} INFO - [2025-02-04T00:10:40.128+0000] {dag.py:4180} INFO - Setting next_dagrun for dbt_pipeline to None, run_after=None
[2025-02-04T00:10:40.153+0000] {processor.py:208} INFO - Processing /opt/airflow/dags/dbt_dag.py took 0.136 seconds
[2025-02-04T00:16:07.869+0000] {processor.py:186} INFO - Started process (PID=168) to work on /opt/airflow/dags/dbt_dag.py
[2025-02-04T00:16:07.870+0000] {processor.py:914} INFO - Processing file /opt/airflow/dags/dbt_dag.py for tasks to queue
[2025-02-04T00:16:07.872+0000] {logging_mixin.py:190} INFO - [2025-02-04T00:16:07.872+0000] {dagbag.py:588} INFO - Filling up the DagBag from /opt/airflow/dags/dbt_dag.py
[2025-02-04T00:16:07.907+0000] {processor.py:925} INFO - DAG(s) 'dbt_pipeline' retrieved from /opt/airflow/dags/dbt_dag.py
[2025-02-04T00:16:08.207+0000] {logging_mixin.py:190} INFO - [2025-02-04T00:16:08.206+0000] {override.py:1911} INFO - Created Permission View: can edit on DAG:dbt_pipeline
[2025-02-04T00:16:08.232+0000] {logging_mixin.py:190} INFO - [2025-02-04T00:16:08.232+0000] {override.py:1911} INFO - Created Permission View: can delete on DAG:dbt_pipeline
[2025-02-04T00:16:08.240+0000] {logging_mixin.py:190} INFO - [2025-02-04T00:16:08.239+0000] {override.py:1759} ERROR - Add Permission: (psycopg2.errors.UniqueViolation) duplicate key value violates unique constraint "ab_permission_name_uq"
DETAIL:  Key (name)=(can_read) already exists.

[SQL: INSERT INTO ab_permission (name) VALUES (%(name)s) RETURNING ab_permission.id]
[parameters: {'name': 'can_read'}]
(Background on this error at: https://sqlalche.me/e/14/gkpj)
[2025-02-04T00:16:08.246+0000] {logging_mixin.py:190} INFO - [2025-02-04T00:16:08.246+0000] {override.py:1911} INFO - Created Permission View: None on DAG:dbt_pipeline
[2025-02-04T00:16:08.255+0000] {logging_mixin.py:190} INFO - [2025-02-04T00:16:08.254+0000] {override.py:1911} INFO - Created Permission View: can delete on DAG Run:dbt_pipeline
[2025-02-04T00:16:08.268+0000] {logging_mixin.py:190} INFO - [2025-02-04T00:16:08.267+0000] {override.py:1911} INFO - Created Permission View: can create on DAG Run:dbt_pipeline
[2025-02-04T00:16:08.275+0000] {logging_mixin.py:190} INFO - [2025-02-04T00:16:08.275+0000] {override.py:1911} INFO - Created Permission View: can read on DAG Run:dbt_pipeline
[2025-02-04T00:16:08.282+0000] {logging_mixin.py:190} INFO - [2025-02-04T00:16:08.282+0000] {override.py:1911} INFO - Created Permission View: menu access on DAG Run:dbt_pipeline
[2025-02-04T00:16:08.282+0000] {logging_mixin.py:190} INFO - [2025-02-04T00:16:08.282+0000] {dag.py:3239} INFO - Sync 1 DAGs
[2025-02-04T00:16:08.296+0000] {logging_mixin.py:190} INFO - [2025-02-04T00:16:08.296+0000] {dag.py:3262} INFO - Creating ORM DAG for dbt_pipeline
[2025-02-04T00:16:08.297+0000] {logging_mixin.py:190} INFO - [2025-02-04T00:16:08.297+0000] {dag.py:4180} INFO - Setting next_dagrun for dbt_pipeline to None, run_after=None
[2025-02-04T00:16:08.312+0000] {processor.py:208} INFO - Processing /opt/airflow/dags/dbt_dag.py took 0.450 seconds
[2025-02-04T00:16:38.644+0000] {processor.py:186} INFO - Started process (PID=201) to work on /opt/airflow/dags/dbt_dag.py
[2025-02-04T00:16:38.646+0000] {processor.py:914} INFO - Processing file /opt/airflow/dags/dbt_dag.py for tasks to queue
[2025-02-04T00:16:38.650+0000] {logging_mixin.py:190} INFO - [2025-02-04T00:16:38.650+0000] {dagbag.py:588} INFO - Filling up the DagBag from /opt/airflow/dags/dbt_dag.py
[2025-02-04T00:16:38.675+0000] {processor.py:925} INFO - DAG(s) 'dbt_pipeline' retrieved from /opt/airflow/dags/dbt_dag.py
[2025-02-04T00:16:38.718+0000] {logging_mixin.py:190} INFO - [2025-02-04T00:16:38.717+0000] {dag.py:3239} INFO - Sync 1 DAGs
[2025-02-04T00:16:38.736+0000] {logging_mixin.py:190} INFO - [2025-02-04T00:16:38.736+0000] {dag.py:4180} INFO - Setting next_dagrun for dbt_pipeline to None, run_after=None
[2025-02-04T00:16:38.751+0000] {processor.py:208} INFO - Processing /opt/airflow/dags/dbt_dag.py took 0.116 seconds
[2025-02-04T00:17:09.068+0000] {processor.py:186} INFO - Started process (PID=212) to work on /opt/airflow/dags/dbt_dag.py
[2025-02-04T00:17:09.070+0000] {processor.py:914} INFO - Processing file /opt/airflow/dags/dbt_dag.py for tasks to queue
[2025-02-04T00:17:09.075+0000] {logging_mixin.py:190} INFO - [2025-02-04T00:17:09.074+0000] {dagbag.py:588} INFO - Filling up the DagBag from /opt/airflow/dags/dbt_dag.py
[2025-02-04T00:17:09.140+0000] {processor.py:925} INFO - DAG(s) 'dbt_pipeline' retrieved from /opt/airflow/dags/dbt_dag.py
[2025-02-04T00:17:09.200+0000] {logging_mixin.py:190} INFO - [2025-02-04T00:17:09.200+0000] {dag.py:3239} INFO - Sync 1 DAGs
[2025-02-04T00:17:09.221+0000] {logging_mixin.py:190} INFO - [2025-02-04T00:17:09.221+0000] {dag.py:4180} INFO - Setting next_dagrun for dbt_pipeline to None, run_after=None
[2025-02-04T00:17:09.245+0000] {processor.py:208} INFO - Processing /opt/airflow/dags/dbt_dag.py took 0.192 seconds
[2025-02-04T00:17:39.588+0000] {processor.py:186} INFO - Started process (PID=226) to work on /opt/airflow/dags/dbt_dag.py
[2025-02-04T00:17:39.589+0000] {processor.py:914} INFO - Processing file /opt/airflow/dags/dbt_dag.py for tasks to queue
[2025-02-04T00:17:39.592+0000] {logging_mixin.py:190} INFO - [2025-02-04T00:17:39.592+0000] {dagbag.py:588} INFO - Filling up the DagBag from /opt/airflow/dags/dbt_dag.py
[2025-02-04T00:17:39.612+0000] {processor.py:925} INFO - DAG(s) 'dbt_pipeline' retrieved from /opt/airflow/dags/dbt_dag.py
[2025-02-04T00:17:39.655+0000] {logging_mixin.py:190} INFO - [2025-02-04T00:17:39.655+0000] {dag.py:3239} INFO - Sync 1 DAGs
[2025-02-04T00:17:39.674+0000] {logging_mixin.py:190} INFO - [2025-02-04T00:17:39.674+0000] {dag.py:4180} INFO - Setting next_dagrun for dbt_pipeline to None, run_after=None
[2025-02-04T00:17:39.697+0000] {processor.py:208} INFO - Processing /opt/airflow/dags/dbt_dag.py took 0.119 seconds
[2025-02-04T00:18:09.967+0000] {processor.py:186} INFO - Started process (PID=254) to work on /opt/airflow/dags/dbt_dag.py
[2025-02-04T00:18:09.968+0000] {processor.py:914} INFO - Processing file /opt/airflow/dags/dbt_dag.py for tasks to queue
[2025-02-04T00:18:09.971+0000] {logging_mixin.py:190} INFO - [2025-02-04T00:18:09.971+0000] {dagbag.py:588} INFO - Filling up the DagBag from /opt/airflow/dags/dbt_dag.py
[2025-02-04T00:18:09.990+0000] {processor.py:925} INFO - DAG(s) 'dbt_pipeline' retrieved from /opt/airflow/dags/dbt_dag.py
[2025-02-04T00:18:10.022+0000] {logging_mixin.py:190} INFO - [2025-02-04T00:18:10.022+0000] {dag.py:3239} INFO - Sync 1 DAGs
[2025-02-04T00:18:10.034+0000] {logging_mixin.py:190} INFO - [2025-02-04T00:18:10.034+0000] {dag.py:4180} INFO - Setting next_dagrun for dbt_pipeline to None, run_after=None
[2025-02-04T00:18:10.049+0000] {processor.py:208} INFO - Processing /opt/airflow/dags/dbt_dag.py took 0.088 seconds
[2025-02-04T00:18:40.505+0000] {processor.py:186} INFO - Started process (PID=269) to work on /opt/airflow/dags/dbt_dag.py
[2025-02-04T00:18:40.507+0000] {processor.py:914} INFO - Processing file /opt/airflow/dags/dbt_dag.py for tasks to queue
[2025-02-04T00:18:40.511+0000] {logging_mixin.py:190} INFO - [2025-02-04T00:18:40.511+0000] {dagbag.py:588} INFO - Filling up the DagBag from /opt/airflow/dags/dbt_dag.py
[2025-02-04T00:18:40.528+0000] {processor.py:925} INFO - DAG(s) 'dbt_pipeline' retrieved from /opt/airflow/dags/dbt_dag.py
[2025-02-04T00:18:40.563+0000] {logging_mixin.py:190} INFO - [2025-02-04T00:18:40.562+0000] {dag.py:3239} INFO - Sync 1 DAGs
[2025-02-04T00:18:40.577+0000] {logging_mixin.py:190} INFO - [2025-02-04T00:18:40.577+0000] {dag.py:4180} INFO - Setting next_dagrun for dbt_pipeline to None, run_after=None
[2025-02-04T00:18:40.598+0000] {processor.py:208} INFO - Processing /opt/airflow/dags/dbt_dag.py took 0.099 seconds
[2025-02-04T00:19:11.075+0000] {processor.py:186} INFO - Started process (PID=279) to work on /opt/airflow/dags/dbt_dag.py
[2025-02-04T00:19:11.078+0000] {processor.py:914} INFO - Processing file /opt/airflow/dags/dbt_dag.py for tasks to queue
[2025-02-04T00:19:11.081+0000] {logging_mixin.py:190} INFO - [2025-02-04T00:19:11.080+0000] {dagbag.py:588} INFO - Filling up the DagBag from /opt/airflow/dags/dbt_dag.py
[2025-02-04T00:19:11.093+0000] {processor.py:925} INFO - DAG(s) 'dbt_pipeline' retrieved from /opt/airflow/dags/dbt_dag.py
[2025-02-04T00:19:11.122+0000] {logging_mixin.py:190} INFO - [2025-02-04T00:19:11.122+0000] {dag.py:3239} INFO - Sync 1 DAGs
[2025-02-04T00:19:11.135+0000] {logging_mixin.py:190} INFO - [2025-02-04T00:19:11.135+0000] {dag.py:4180} INFO - Setting next_dagrun for dbt_pipeline to None, run_after=None
[2025-02-04T00:19:11.152+0000] {processor.py:208} INFO - Processing /opt/airflow/dags/dbt_dag.py took 0.084 seconds
[2025-02-04T00:19:41.507+0000] {processor.py:186} INFO - Started process (PID=288) to work on /opt/airflow/dags/dbt_dag.py
[2025-02-04T00:19:41.508+0000] {processor.py:914} INFO - Processing file /opt/airflow/dags/dbt_dag.py for tasks to queue
[2025-02-04T00:19:41.514+0000] {logging_mixin.py:190} INFO - [2025-02-04T00:19:41.513+0000] {dagbag.py:588} INFO - Filling up the DagBag from /opt/airflow/dags/dbt_dag.py
[2025-02-04T00:19:41.537+0000] {processor.py:925} INFO - DAG(s) 'dbt_pipeline' retrieved from /opt/airflow/dags/dbt_dag.py
[2025-02-04T00:19:41.579+0000] {logging_mixin.py:190} INFO - [2025-02-04T00:19:41.579+0000] {dag.py:3239} INFO - Sync 1 DAGs
[2025-02-04T00:19:41.595+0000] {logging_mixin.py:190} INFO - [2025-02-04T00:19:41.595+0000] {dag.py:4180} INFO - Setting next_dagrun for dbt_pipeline to None, run_after=None
[2025-02-04T00:19:41.614+0000] {processor.py:208} INFO - Processing /opt/airflow/dags/dbt_dag.py took 0.116 seconds
[2025-02-04T00:20:11.956+0000] {processor.py:186} INFO - Started process (PID=299) to work on /opt/airflow/dags/dbt_dag.py
[2025-02-04T00:20:11.957+0000] {processor.py:914} INFO - Processing file /opt/airflow/dags/dbt_dag.py for tasks to queue
[2025-02-04T00:20:11.962+0000] {logging_mixin.py:190} INFO - [2025-02-04T00:20:11.961+0000] {dagbag.py:588} INFO - Filling up the DagBag from /opt/airflow/dags/dbt_dag.py
[2025-02-04T00:20:11.978+0000] {processor.py:925} INFO - DAG(s) 'dbt_pipeline' retrieved from /opt/airflow/dags/dbt_dag.py
[2025-02-04T00:20:12.009+0000] {logging_mixin.py:190} INFO - [2025-02-04T00:20:12.009+0000] {dag.py:3239} INFO - Sync 1 DAGs
[2025-02-04T00:20:12.023+0000] {logging_mixin.py:190} INFO - [2025-02-04T00:20:12.022+0000] {dag.py:4180} INFO - Setting next_dagrun for dbt_pipeline to None, run_after=None
[2025-02-04T00:20:12.043+0000] {processor.py:208} INFO - Processing /opt/airflow/dags/dbt_dag.py took 0.094 seconds
[2025-02-04T00:20:42.491+0000] {processor.py:186} INFO - Started process (PID=307) to work on /opt/airflow/dags/dbt_dag.py
[2025-02-04T00:20:42.492+0000] {processor.py:914} INFO - Processing file /opt/airflow/dags/dbt_dag.py for tasks to queue
[2025-02-04T00:20:42.502+0000] {logging_mixin.py:190} INFO - [2025-02-04T00:20:42.502+0000] {dagbag.py:588} INFO - Filling up the DagBag from /opt/airflow/dags/dbt_dag.py
[2025-02-04T00:20:42.525+0000] {processor.py:925} INFO - DAG(s) 'dbt_pipeline' retrieved from /opt/airflow/dags/dbt_dag.py
[2025-02-04T00:20:42.571+0000] {logging_mixin.py:190} INFO - [2025-02-04T00:20:42.570+0000] {dag.py:3239} INFO - Sync 1 DAGs
[2025-02-04T00:20:42.585+0000] {logging_mixin.py:190} INFO - [2025-02-04T00:20:42.585+0000] {dag.py:4180} INFO - Setting next_dagrun for dbt_pipeline to None, run_after=None
[2025-02-04T00:20:42.606+0000] {processor.py:208} INFO - Processing /opt/airflow/dags/dbt_dag.py took 0.125 seconds
[2025-02-04T00:21:13.042+0000] {processor.py:186} INFO - Started process (PID=319) to work on /opt/airflow/dags/dbt_dag.py
[2025-02-04T00:21:13.043+0000] {processor.py:914} INFO - Processing file /opt/airflow/dags/dbt_dag.py for tasks to queue
[2025-02-04T00:21:13.046+0000] {logging_mixin.py:190} INFO - [2025-02-04T00:21:13.046+0000] {dagbag.py:588} INFO - Filling up the DagBag from /opt/airflow/dags/dbt_dag.py
[2025-02-04T00:21:13.057+0000] {processor.py:925} INFO - DAG(s) 'dbt_pipeline' retrieved from /opt/airflow/dags/dbt_dag.py
[2025-02-04T00:21:13.090+0000] {logging_mixin.py:190} INFO - [2025-02-04T00:21:13.090+0000] {dag.py:3239} INFO - Sync 1 DAGs
[2025-02-04T00:21:13.102+0000] {logging_mixin.py:190} INFO - [2025-02-04T00:21:13.102+0000] {dag.py:4180} INFO - Setting next_dagrun for dbt_pipeline to None, run_after=None
[2025-02-04T00:21:13.122+0000] {processor.py:208} INFO - Processing /opt/airflow/dags/dbt_dag.py took 0.085 seconds
[2025-02-04T00:21:43.628+0000] {processor.py:186} INFO - Started process (PID=329) to work on /opt/airflow/dags/dbt_dag.py
[2025-02-04T00:21:43.629+0000] {processor.py:914} INFO - Processing file /opt/airflow/dags/dbt_dag.py for tasks to queue
[2025-02-04T00:21:43.633+0000] {logging_mixin.py:190} INFO - [2025-02-04T00:21:43.633+0000] {dagbag.py:588} INFO - Filling up the DagBag from /opt/airflow/dags/dbt_dag.py
[2025-02-04T00:21:43.656+0000] {processor.py:925} INFO - DAG(s) 'dbt_pipeline' retrieved from /opt/airflow/dags/dbt_dag.py
[2025-02-04T00:21:43.694+0000] {logging_mixin.py:190} INFO - [2025-02-04T00:21:43.694+0000] {dag.py:3239} INFO - Sync 1 DAGs
[2025-02-04T00:21:43.710+0000] {logging_mixin.py:190} INFO - [2025-02-04T00:21:43.710+0000] {dag.py:4180} INFO - Setting next_dagrun for dbt_pipeline to None, run_after=None
[2025-02-04T00:21:43.728+0000] {processor.py:208} INFO - Processing /opt/airflow/dags/dbt_dag.py took 0.110 seconds
[2025-02-04T00:22:14.086+0000] {processor.py:186} INFO - Started process (PID=339) to work on /opt/airflow/dags/dbt_dag.py
[2025-02-04T00:22:14.087+0000] {processor.py:914} INFO - Processing file /opt/airflow/dags/dbt_dag.py for tasks to queue
[2025-02-04T00:22:14.089+0000] {logging_mixin.py:190} INFO - [2025-02-04T00:22:14.089+0000] {dagbag.py:588} INFO - Filling up the DagBag from /opt/airflow/dags/dbt_dag.py
[2025-02-04T00:22:14.102+0000] {processor.py:925} INFO - DAG(s) 'dbt_pipeline' retrieved from /opt/airflow/dags/dbt_dag.py
[2025-02-04T00:22:14.137+0000] {logging_mixin.py:190} INFO - [2025-02-04T00:22:14.136+0000] {dag.py:3239} INFO - Sync 1 DAGs
[2025-02-04T00:22:14.148+0000] {logging_mixin.py:190} INFO - [2025-02-04T00:22:14.148+0000] {dag.py:4180} INFO - Setting next_dagrun for dbt_pipeline to None, run_after=None
[2025-02-04T00:22:14.163+0000] {processor.py:208} INFO - Processing /opt/airflow/dags/dbt_dag.py took 0.084 seconds
[2025-02-04T00:22:44.515+0000] {processor.py:186} INFO - Started process (PID=348) to work on /opt/airflow/dags/dbt_dag.py
[2025-02-04T00:22:44.517+0000] {processor.py:914} INFO - Processing file /opt/airflow/dags/dbt_dag.py for tasks to queue
[2025-02-04T00:22:44.523+0000] {logging_mixin.py:190} INFO - [2025-02-04T00:22:44.522+0000] {dagbag.py:588} INFO - Filling up the DagBag from /opt/airflow/dags/dbt_dag.py
[2025-02-04T00:22:44.556+0000] {processor.py:925} INFO - DAG(s) 'dbt_pipeline' retrieved from /opt/airflow/dags/dbt_dag.py
[2025-02-04T00:22:44.617+0000] {logging_mixin.py:190} INFO - [2025-02-04T00:22:44.617+0000] {dag.py:3239} INFO - Sync 1 DAGs
[2025-02-04T00:22:44.645+0000] {logging_mixin.py:190} INFO - [2025-02-04T00:22:44.644+0000] {dag.py:4180} INFO - Setting next_dagrun for dbt_pipeline to None, run_after=None
[2025-02-04T00:22:44.670+0000] {processor.py:208} INFO - Processing /opt/airflow/dags/dbt_dag.py took 0.177 seconds
[2025-02-04T00:23:14.997+0000] {processor.py:186} INFO - Started process (PID=358) to work on /opt/airflow/dags/dbt_dag.py
[2025-02-04T00:23:14.998+0000] {processor.py:914} INFO - Processing file /opt/airflow/dags/dbt_dag.py for tasks to queue
[2025-02-04T00:23:15.003+0000] {logging_mixin.py:190} INFO - [2025-02-04T00:23:15.003+0000] {dagbag.py:588} INFO - Filling up the DagBag from /opt/airflow/dags/dbt_dag.py
[2025-02-04T00:23:15.024+0000] {processor.py:925} INFO - DAG(s) 'dbt_pipeline' retrieved from /opt/airflow/dags/dbt_dag.py
[2025-02-04T00:23:15.064+0000] {logging_mixin.py:190} INFO - [2025-02-04T00:23:15.064+0000] {dag.py:3239} INFO - Sync 1 DAGs
[2025-02-04T00:23:15.083+0000] {logging_mixin.py:190} INFO - [2025-02-04T00:23:15.082+0000] {dag.py:4180} INFO - Setting next_dagrun for dbt_pipeline to None, run_after=None
[2025-02-04T00:23:15.099+0000] {processor.py:208} INFO - Processing /opt/airflow/dags/dbt_dag.py took 0.111 seconds
[2025-02-04T00:23:45.531+0000] {processor.py:186} INFO - Started process (PID=369) to work on /opt/airflow/dags/dbt_dag.py
[2025-02-04T00:23:45.533+0000] {processor.py:914} INFO - Processing file /opt/airflow/dags/dbt_dag.py for tasks to queue
[2025-02-04T00:23:45.537+0000] {logging_mixin.py:190} INFO - [2025-02-04T00:23:45.537+0000] {dagbag.py:588} INFO - Filling up the DagBag from /opt/airflow/dags/dbt_dag.py
[2025-02-04T00:23:45.549+0000] {processor.py:925} INFO - DAG(s) 'dbt_pipeline' retrieved from /opt/airflow/dags/dbt_dag.py
[2025-02-04T00:23:45.578+0000] {logging_mixin.py:190} INFO - [2025-02-04T00:23:45.578+0000] {dag.py:3239} INFO - Sync 1 DAGs
[2025-02-04T00:23:45.591+0000] {logging_mixin.py:190} INFO - [2025-02-04T00:23:45.591+0000] {dag.py:4180} INFO - Setting next_dagrun for dbt_pipeline to None, run_after=None
[2025-02-04T00:23:45.607+0000] {processor.py:208} INFO - Processing /opt/airflow/dags/dbt_dag.py took 0.082 seconds
[2025-02-04T00:24:16.059+0000] {processor.py:186} INFO - Started process (PID=378) to work on /opt/airflow/dags/dbt_dag.py
[2025-02-04T00:24:16.060+0000] {processor.py:914} INFO - Processing file /opt/airflow/dags/dbt_dag.py for tasks to queue
[2025-02-04T00:24:16.068+0000] {logging_mixin.py:190} INFO - [2025-02-04T00:24:16.065+0000] {dagbag.py:588} INFO - Filling up the DagBag from /opt/airflow/dags/dbt_dag.py
[2025-02-04T00:24:16.107+0000] {processor.py:925} INFO - DAG(s) 'dbt_pipeline' retrieved from /opt/airflow/dags/dbt_dag.py
[2025-02-04T00:24:16.158+0000] {logging_mixin.py:190} INFO - [2025-02-04T00:24:16.158+0000] {dag.py:3239} INFO - Sync 1 DAGs
[2025-02-04T00:24:16.181+0000] {logging_mixin.py:190} INFO - [2025-02-04T00:24:16.181+0000] {dag.py:4180} INFO - Setting next_dagrun for dbt_pipeline to None, run_after=None
[2025-02-04T00:24:16.204+0000] {processor.py:208} INFO - Processing /opt/airflow/dags/dbt_dag.py took 0.156 seconds
[2025-02-04T00:24:46.523+0000] {processor.py:186} INFO - Started process (PID=389) to work on /opt/airflow/dags/dbt_dag.py
[2025-02-04T00:24:46.524+0000] {processor.py:914} INFO - Processing file /opt/airflow/dags/dbt_dag.py for tasks to queue
[2025-02-04T00:24:46.528+0000] {logging_mixin.py:190} INFO - [2025-02-04T00:24:46.527+0000] {dagbag.py:588} INFO - Filling up the DagBag from /opt/airflow/dags/dbt_dag.py
[2025-02-04T00:24:46.548+0000] {processor.py:925} INFO - DAG(s) 'dbt_pipeline' retrieved from /opt/airflow/dags/dbt_dag.py
[2025-02-04T00:24:46.590+0000] {logging_mixin.py:190} INFO - [2025-02-04T00:24:46.590+0000] {dag.py:3239} INFO - Sync 1 DAGs
[2025-02-04T00:24:46.610+0000] {logging_mixin.py:190} INFO - [2025-02-04T00:24:46.610+0000] {dag.py:4180} INFO - Setting next_dagrun for dbt_pipeline to None, run_after=None
[2025-02-04T00:24:46.632+0000] {processor.py:208} INFO - Processing /opt/airflow/dags/dbt_dag.py took 0.117 seconds
[2025-02-04T00:25:17.141+0000] {processor.py:186} INFO - Started process (PID=399) to work on /opt/airflow/dags/dbt_dag.py
[2025-02-04T00:25:17.143+0000] {processor.py:914} INFO - Processing file /opt/airflow/dags/dbt_dag.py for tasks to queue
[2025-02-04T00:25:17.145+0000] {logging_mixin.py:190} INFO - [2025-02-04T00:25:17.144+0000] {dagbag.py:588} INFO - Filling up the DagBag from /opt/airflow/dags/dbt_dag.py
[2025-02-04T00:25:17.160+0000] {processor.py:925} INFO - DAG(s) 'dbt_pipeline' retrieved from /opt/airflow/dags/dbt_dag.py
[2025-02-04T00:25:17.191+0000] {logging_mixin.py:190} INFO - [2025-02-04T00:25:17.190+0000] {dag.py:3239} INFO - Sync 1 DAGs
[2025-02-04T00:25:17.202+0000] {logging_mixin.py:190} INFO - [2025-02-04T00:25:17.202+0000] {dag.py:4180} INFO - Setting next_dagrun for dbt_pipeline to None, run_after=None
[2025-02-04T00:25:17.220+0000] {processor.py:208} INFO - Processing /opt/airflow/dags/dbt_dag.py took 0.087 seconds
[2025-02-04T00:25:47.550+0000] {processor.py:186} INFO - Started process (PID=408) to work on /opt/airflow/dags/dbt_dag.py
[2025-02-04T00:25:47.551+0000] {processor.py:914} INFO - Processing file /opt/airflow/dags/dbt_dag.py for tasks to queue
[2025-02-04T00:25:47.566+0000] {logging_mixin.py:190} INFO - [2025-02-04T00:25:47.565+0000] {dagbag.py:588} INFO - Filling up the DagBag from /opt/airflow/dags/dbt_dag.py
[2025-02-04T00:25:47.591+0000] {processor.py:925} INFO - DAG(s) 'dbt_pipeline' retrieved from /opt/airflow/dags/dbt_dag.py
[2025-02-04T00:25:47.644+0000] {logging_mixin.py:190} INFO - [2025-02-04T00:25:47.643+0000] {dag.py:3239} INFO - Sync 1 DAGs
[2025-02-04T00:25:47.663+0000] {logging_mixin.py:190} INFO - [2025-02-04T00:25:47.663+0000] {dag.py:4180} INFO - Setting next_dagrun for dbt_pipeline to None, run_after=None
[2025-02-04T00:25:47.686+0000] {processor.py:208} INFO - Processing /opt/airflow/dags/dbt_dag.py took 0.144 seconds
[2025-02-04T00:26:17.942+0000] {processor.py:186} INFO - Started process (PID=418) to work on /opt/airflow/dags/dbt_dag.py
[2025-02-04T00:26:17.943+0000] {processor.py:914} INFO - Processing file /opt/airflow/dags/dbt_dag.py for tasks to queue
[2025-02-04T00:26:17.948+0000] {logging_mixin.py:190} INFO - [2025-02-04T00:26:17.947+0000] {dagbag.py:588} INFO - Filling up the DagBag from /opt/airflow/dags/dbt_dag.py
[2025-02-04T00:26:17.973+0000] {processor.py:925} INFO - DAG(s) 'dbt_pipeline' retrieved from /opt/airflow/dags/dbt_dag.py
[2025-02-04T00:26:18.026+0000] {logging_mixin.py:190} INFO - [2025-02-04T00:26:18.025+0000] {dag.py:3239} INFO - Sync 1 DAGs
[2025-02-04T00:26:18.042+0000] {logging_mixin.py:190} INFO - [2025-02-04T00:26:18.042+0000] {dag.py:4180} INFO - Setting next_dagrun for dbt_pipeline to None, run_after=None
[2025-02-04T00:26:18.071+0000] {processor.py:208} INFO - Processing /opt/airflow/dags/dbt_dag.py took 0.142 seconds
[2025-02-04T00:26:48.348+0000] {processor.py:186} INFO - Started process (PID=445) to work on /opt/airflow/dags/dbt_dag.py
[2025-02-04T00:26:48.349+0000] {processor.py:914} INFO - Processing file /opt/airflow/dags/dbt_dag.py for tasks to queue
[2025-02-04T00:26:48.354+0000] {logging_mixin.py:190} INFO - [2025-02-04T00:26:48.354+0000] {dagbag.py:588} INFO - Filling up the DagBag from /opt/airflow/dags/dbt_dag.py
[2025-02-04T00:26:48.389+0000] {processor.py:925} INFO - DAG(s) 'dbt_pipeline' retrieved from /opt/airflow/dags/dbt_dag.py
[2025-02-04T00:26:48.434+0000] {logging_mixin.py:190} INFO - [2025-02-04T00:26:48.433+0000] {dag.py:3239} INFO - Sync 1 DAGs
[2025-02-04T00:26:48.450+0000] {logging_mixin.py:190} INFO - [2025-02-04T00:26:48.450+0000] {dag.py:4180} INFO - Setting next_dagrun for dbt_pipeline to None, run_after=None
[2025-02-04T00:26:48.472+0000] {processor.py:208} INFO - Processing /opt/airflow/dags/dbt_dag.py took 0.135 seconds
[2025-02-04T00:27:18.839+0000] {processor.py:186} INFO - Started process (PID=456) to work on /opt/airflow/dags/dbt_dag.py
[2025-02-04T00:27:18.840+0000] {processor.py:914} INFO - Processing file /opt/airflow/dags/dbt_dag.py for tasks to queue
[2025-02-04T00:27:18.844+0000] {logging_mixin.py:190} INFO - [2025-02-04T00:27:18.843+0000] {dagbag.py:588} INFO - Filling up the DagBag from /opt/airflow/dags/dbt_dag.py
[2025-02-04T00:27:18.861+0000] {processor.py:925} INFO - DAG(s) 'dbt_pipeline' retrieved from /opt/airflow/dags/dbt_dag.py
[2025-02-04T00:27:18.902+0000] {logging_mixin.py:190} INFO - [2025-02-04T00:27:18.902+0000] {dag.py:3239} INFO - Sync 1 DAGs
[2025-02-04T00:27:18.918+0000] {logging_mixin.py:190} INFO - [2025-02-04T00:27:18.918+0000] {dag.py:4180} INFO - Setting next_dagrun for dbt_pipeline to None, run_after=None
[2025-02-04T00:27:18.941+0000] {processor.py:208} INFO - Processing /opt/airflow/dags/dbt_dag.py took 0.111 seconds
[2025-02-04T00:27:49.302+0000] {processor.py:186} INFO - Started process (PID=465) to work on /opt/airflow/dags/dbt_dag.py
[2025-02-04T00:27:49.303+0000] {processor.py:914} INFO - Processing file /opt/airflow/dags/dbt_dag.py for tasks to queue
[2025-02-04T00:27:49.309+0000] {logging_mixin.py:190} INFO - [2025-02-04T00:27:49.309+0000] {dagbag.py:588} INFO - Filling up the DagBag from /opt/airflow/dags/dbt_dag.py
[2025-02-04T00:27:49.342+0000] {processor.py:925} INFO - DAG(s) 'dbt_pipeline' retrieved from /opt/airflow/dags/dbt_dag.py
[2025-02-04T00:27:49.389+0000] {logging_mixin.py:190} INFO - [2025-02-04T00:27:49.389+0000] {dag.py:3239} INFO - Sync 1 DAGs
[2025-02-04T00:27:49.415+0000] {logging_mixin.py:190} INFO - [2025-02-04T00:27:49.415+0000] {dag.py:4180} INFO - Setting next_dagrun for dbt_pipeline to None, run_after=None
[2025-02-04T00:27:49.448+0000] {processor.py:208} INFO - Processing /opt/airflow/dags/dbt_dag.py took 0.163 seconds
[2025-02-04T00:28:19.766+0000] {processor.py:186} INFO - Started process (PID=474) to work on /opt/airflow/dags/dbt_dag.py
[2025-02-04T00:28:19.767+0000] {processor.py:914} INFO - Processing file /opt/airflow/dags/dbt_dag.py for tasks to queue
[2025-02-04T00:28:19.773+0000] {logging_mixin.py:190} INFO - [2025-02-04T00:28:19.773+0000] {dagbag.py:588} INFO - Filling up the DagBag from /opt/airflow/dags/dbt_dag.py
[2025-02-04T00:28:19.801+0000] {processor.py:925} INFO - DAG(s) 'dbt_pipeline' retrieved from /opt/airflow/dags/dbt_dag.py
[2025-02-04T00:28:19.857+0000] {logging_mixin.py:190} INFO - [2025-02-04T00:28:19.857+0000] {dag.py:3239} INFO - Sync 1 DAGs
[2025-02-04T00:28:19.880+0000] {logging_mixin.py:190} INFO - [2025-02-04T00:28:19.879+0000] {dag.py:4180} INFO - Setting next_dagrun for dbt_pipeline to None, run_after=None
[2025-02-04T00:28:19.905+0000] {processor.py:208} INFO - Processing /opt/airflow/dags/dbt_dag.py took 0.152 seconds
[2025-02-04T00:28:50.365+0000] {processor.py:186} INFO - Started process (PID=485) to work on /opt/airflow/dags/dbt_dag.py
[2025-02-04T00:28:50.367+0000] {processor.py:914} INFO - Processing file /opt/airflow/dags/dbt_dag.py for tasks to queue
[2025-02-04T00:28:50.371+0000] {logging_mixin.py:190} INFO - [2025-02-04T00:28:50.370+0000] {dagbag.py:588} INFO - Filling up the DagBag from /opt/airflow/dags/dbt_dag.py
[2025-02-04T00:28:50.391+0000] {processor.py:925} INFO - DAG(s) 'dbt_pipeline' retrieved from /opt/airflow/dags/dbt_dag.py
[2025-02-04T00:28:50.438+0000] {logging_mixin.py:190} INFO - [2025-02-04T00:28:50.438+0000] {dag.py:3239} INFO - Sync 1 DAGs
[2025-02-04T00:28:50.459+0000] {logging_mixin.py:190} INFO - [2025-02-04T00:28:50.458+0000] {dag.py:4180} INFO - Setting next_dagrun for dbt_pipeline to None, run_after=None
[2025-02-04T00:28:50.481+0000] {processor.py:208} INFO - Processing /opt/airflow/dags/dbt_dag.py took 0.128 seconds
[2025-02-04T00:29:20.811+0000] {processor.py:186} INFO - Started process (PID=495) to work on /opt/airflow/dags/dbt_dag.py
[2025-02-04T00:29:20.814+0000] {processor.py:914} INFO - Processing file /opt/airflow/dags/dbt_dag.py for tasks to queue
[2025-02-04T00:29:20.819+0000] {logging_mixin.py:190} INFO - [2025-02-04T00:29:20.818+0000] {dagbag.py:588} INFO - Filling up the DagBag from /opt/airflow/dags/dbt_dag.py
[2025-02-04T00:29:20.856+0000] {processor.py:925} INFO - DAG(s) 'dbt_pipeline' retrieved from /opt/airflow/dags/dbt_dag.py
[2025-02-04T00:29:20.912+0000] {logging_mixin.py:190} INFO - [2025-02-04T00:29:20.912+0000] {dag.py:3239} INFO - Sync 1 DAGs
[2025-02-04T00:29:20.936+0000] {logging_mixin.py:190} INFO - [2025-02-04T00:29:20.936+0000] {dag.py:4180} INFO - Setting next_dagrun for dbt_pipeline to None, run_after=None
[2025-02-04T00:29:20.958+0000] {processor.py:208} INFO - Processing /opt/airflow/dags/dbt_dag.py took 0.164 seconds
[2025-02-04T00:29:51.349+0000] {processor.py:186} INFO - Started process (PID=505) to work on /opt/airflow/dags/dbt_dag.py
[2025-02-04T00:29:51.351+0000] {processor.py:914} INFO - Processing file /opt/airflow/dags/dbt_dag.py for tasks to queue
[2025-02-04T00:29:51.357+0000] {logging_mixin.py:190} INFO - [2025-02-04T00:29:51.356+0000] {dagbag.py:588} INFO - Filling up the DagBag from /opt/airflow/dags/dbt_dag.py
[2025-02-04T00:29:51.385+0000] {processor.py:925} INFO - DAG(s) 'dbt_pipeline' retrieved from /opt/airflow/dags/dbt_dag.py
[2025-02-04T00:29:51.441+0000] {logging_mixin.py:190} INFO - [2025-02-04T00:29:51.441+0000] {dag.py:3239} INFO - Sync 1 DAGs
[2025-02-04T00:29:51.462+0000] {logging_mixin.py:190} INFO - [2025-02-04T00:29:51.462+0000] {dag.py:4180} INFO - Setting next_dagrun for dbt_pipeline to None, run_after=None
[2025-02-04T00:29:51.486+0000] {processor.py:208} INFO - Processing /opt/airflow/dags/dbt_dag.py took 0.154 seconds
[2025-02-04T00:30:21.876+0000] {processor.py:186} INFO - Started process (PID=515) to work on /opt/airflow/dags/dbt_dag.py
[2025-02-04T00:30:21.877+0000] {processor.py:914} INFO - Processing file /opt/airflow/dags/dbt_dag.py for tasks to queue
[2025-02-04T00:30:21.889+0000] {logging_mixin.py:190} INFO - [2025-02-04T00:30:21.887+0000] {dagbag.py:588} INFO - Filling up the DagBag from /opt/airflow/dags/dbt_dag.py
[2025-02-04T00:30:21.912+0000] {processor.py:925} INFO - DAG(s) 'dbt_pipeline' retrieved from /opt/airflow/dags/dbt_dag.py
[2025-02-04T00:30:21.971+0000] {logging_mixin.py:190} INFO - [2025-02-04T00:30:21.970+0000] {dag.py:3239} INFO - Sync 1 DAGs
[2025-02-04T00:30:21.989+0000] {logging_mixin.py:190} INFO - [2025-02-04T00:30:21.988+0000] {dag.py:4180} INFO - Setting next_dagrun for dbt_pipeline to None, run_after=None
[2025-02-04T00:30:22.011+0000] {processor.py:208} INFO - Processing /opt/airflow/dags/dbt_dag.py took 0.145 seconds
[2025-02-04T00:30:52.575+0000] {processor.py:186} INFO - Started process (PID=525) to work on /opt/airflow/dags/dbt_dag.py
[2025-02-04T00:30:52.578+0000] {processor.py:914} INFO - Processing file /opt/airflow/dags/dbt_dag.py for tasks to queue
[2025-02-04T00:30:52.594+0000] {logging_mixin.py:190} INFO - [2025-02-04T00:30:52.590+0000] {dagbag.py:588} INFO - Filling up the DagBag from /opt/airflow/dags/dbt_dag.py
[2025-02-04T00:30:52.649+0000] {processor.py:925} INFO - DAG(s) 'dbt_pipeline' retrieved from /opt/airflow/dags/dbt_dag.py
[2025-02-04T00:30:52.716+0000] {logging_mixin.py:190} INFO - [2025-02-04T00:30:52.716+0000] {dag.py:3239} INFO - Sync 1 DAGs
[2025-02-04T00:30:52.747+0000] {logging_mixin.py:190} INFO - [2025-02-04T00:30:52.746+0000] {dag.py:4180} INFO - Setting next_dagrun for dbt_pipeline to None, run_after=None
[2025-02-04T00:30:52.772+0000] {processor.py:208} INFO - Processing /opt/airflow/dags/dbt_dag.py took 0.215 seconds
