[2025-02-04T00:00:19.891+0000] {processor.py:186} INFO - Started process (PID=446) to work on /opt/airflow/dags/example_dag.py
[2025-02-04T00:00:19.891+0000] {processor.py:914} INFO - Processing file /opt/airflow/dags/example_dag.py for tasks to queue
[2025-02-04T00:00:19.895+0000] {logging_mixin.py:190} INFO - [2025-02-04T00:00:19.895+0000] {dagbag.py:588} INFO - Filling up the DagBag from /opt/airflow/dags/example_dag.py
[2025-02-04T00:00:19.912+0000] {processor.py:925} INFO - DAG(s) 'data_pipeline' retrieved from /opt/airflow/dags/example_dag.py
[2025-02-04T00:00:19.956+0000] {logging_mixin.py:190} INFO - [2025-02-04T00:00:19.956+0000] {dag.py:3239} INFO - Sync 1 DAGs
[2025-02-04T00:00:19.973+0000] {logging_mixin.py:190} INFO - [2025-02-04T00:00:19.973+0000] {dag.py:4180} INFO - Setting next_dagrun for data_pipeline to None, run_after=None
[2025-02-04T00:00:19.990+0000] {processor.py:208} INFO - Processing /opt/airflow/dags/example_dag.py took 0.108 seconds
[2025-02-04T00:00:50.334+0000] {processor.py:186} INFO - Started process (PID=456) to work on /opt/airflow/dags/example_dag.py
[2025-02-04T00:00:50.335+0000] {processor.py:914} INFO - Processing file /opt/airflow/dags/example_dag.py for tasks to queue
[2025-02-04T00:00:50.340+0000] {logging_mixin.py:190} INFO - [2025-02-04T00:00:50.339+0000] {dagbag.py:588} INFO - Filling up the DagBag from /opt/airflow/dags/example_dag.py
[2025-02-04T00:00:50.356+0000] {processor.py:925} INFO - DAG(s) 'data_pipeline' retrieved from /opt/airflow/dags/example_dag.py
[2025-02-04T00:00:50.387+0000] {logging_mixin.py:190} INFO - [2025-02-04T00:00:50.386+0000] {dag.py:3239} INFO - Sync 1 DAGs
[2025-02-04T00:00:50.402+0000] {logging_mixin.py:190} INFO - [2025-02-04T00:00:50.402+0000] {dag.py:4180} INFO - Setting next_dagrun for data_pipeline to None, run_after=None
[2025-02-04T00:00:50.422+0000] {processor.py:208} INFO - Processing /opt/airflow/dags/example_dag.py took 0.096 seconds
[2025-02-04T00:01:20.895+0000] {processor.py:186} INFO - Started process (PID=466) to work on /opt/airflow/dags/example_dag.py
[2025-02-04T00:01:20.896+0000] {processor.py:914} INFO - Processing file /opt/airflow/dags/example_dag.py for tasks to queue
[2025-02-04T00:01:20.899+0000] {logging_mixin.py:190} INFO - [2025-02-04T00:01:20.899+0000] {dagbag.py:588} INFO - Filling up the DagBag from /opt/airflow/dags/example_dag.py
[2025-02-04T00:01:20.919+0000] {processor.py:925} INFO - DAG(s) 'data_pipeline' retrieved from /opt/airflow/dags/example_dag.py
[2025-02-04T00:01:20.958+0000] {logging_mixin.py:190} INFO - [2025-02-04T00:01:20.958+0000] {dag.py:3239} INFO - Sync 1 DAGs
[2025-02-04T00:01:20.973+0000] {logging_mixin.py:190} INFO - [2025-02-04T00:01:20.973+0000] {dag.py:4180} INFO - Setting next_dagrun for data_pipeline to None, run_after=None
[2025-02-04T00:01:20.994+0000] {processor.py:208} INFO - Processing /opt/airflow/dags/example_dag.py took 0.106 seconds
[2025-02-04T00:01:51.350+0000] {processor.py:186} INFO - Started process (PID=476) to work on /opt/airflow/dags/example_dag.py
[2025-02-04T00:01:51.351+0000] {processor.py:914} INFO - Processing file /opt/airflow/dags/example_dag.py for tasks to queue
[2025-02-04T00:01:51.356+0000] {logging_mixin.py:190} INFO - [2025-02-04T00:01:51.355+0000] {dagbag.py:588} INFO - Filling up the DagBag from /opt/airflow/dags/example_dag.py
[2025-02-04T00:01:51.378+0000] {processor.py:925} INFO - DAG(s) 'data_pipeline' retrieved from /opt/airflow/dags/example_dag.py
[2025-02-04T00:01:51.422+0000] {logging_mixin.py:190} INFO - [2025-02-04T00:01:51.422+0000] {dag.py:3239} INFO - Sync 1 DAGs
[2025-02-04T00:01:51.442+0000] {logging_mixin.py:190} INFO - [2025-02-04T00:01:51.441+0000] {dag.py:4180} INFO - Setting next_dagrun for data_pipeline to None, run_after=None
[2025-02-04T00:01:51.462+0000] {processor.py:208} INFO - Processing /opt/airflow/dags/example_dag.py took 0.122 seconds
[2025-02-04T00:02:21.787+0000] {processor.py:186} INFO - Started process (PID=486) to work on /opt/airflow/dags/example_dag.py
[2025-02-04T00:02:21.788+0000] {processor.py:914} INFO - Processing file /opt/airflow/dags/example_dag.py for tasks to queue
[2025-02-04T00:02:21.790+0000] {logging_mixin.py:190} INFO - [2025-02-04T00:02:21.790+0000] {dagbag.py:588} INFO - Filling up the DagBag from /opt/airflow/dags/example_dag.py
[2025-02-04T00:02:21.805+0000] {processor.py:925} INFO - DAG(s) 'data_pipeline' retrieved from /opt/airflow/dags/example_dag.py
[2025-02-04T00:02:21.833+0000] {logging_mixin.py:190} INFO - [2025-02-04T00:02:21.833+0000] {dag.py:3239} INFO - Sync 1 DAGs
[2025-02-04T00:02:21.847+0000] {logging_mixin.py:190} INFO - [2025-02-04T00:02:21.847+0000] {dag.py:4180} INFO - Setting next_dagrun for data_pipeline to None, run_after=None
[2025-02-04T00:02:21.864+0000] {processor.py:208} INFO - Processing /opt/airflow/dags/example_dag.py took 0.084 seconds
[2025-02-04T00:02:52.244+0000] {processor.py:186} INFO - Started process (PID=496) to work on /opt/airflow/dags/example_dag.py
[2025-02-04T00:02:52.245+0000] {processor.py:914} INFO - Processing file /opt/airflow/dags/example_dag.py for tasks to queue
[2025-02-04T00:02:52.250+0000] {logging_mixin.py:190} INFO - [2025-02-04T00:02:52.250+0000] {dagbag.py:588} INFO - Filling up the DagBag from /opt/airflow/dags/example_dag.py
[2025-02-04T00:02:52.276+0000] {processor.py:925} INFO - DAG(s) 'data_pipeline' retrieved from /opt/airflow/dags/example_dag.py
[2025-02-04T00:02:52.311+0000] {logging_mixin.py:190} INFO - [2025-02-04T00:02:52.311+0000] {dag.py:3239} INFO - Sync 1 DAGs
[2025-02-04T00:02:52.327+0000] {logging_mixin.py:190} INFO - [2025-02-04T00:02:52.327+0000] {dag.py:4180} INFO - Setting next_dagrun for data_pipeline to None, run_after=None
[2025-02-04T00:02:52.348+0000] {processor.py:208} INFO - Processing /opt/airflow/dags/example_dag.py took 0.111 seconds
[2025-02-04T00:03:22.748+0000] {processor.py:186} INFO - Started process (PID=506) to work on /opt/airflow/dags/example_dag.py
[2025-02-04T00:03:22.750+0000] {processor.py:914} INFO - Processing file /opt/airflow/dags/example_dag.py for tasks to queue
[2025-02-04T00:03:22.752+0000] {logging_mixin.py:190} INFO - [2025-02-04T00:03:22.752+0000] {dagbag.py:588} INFO - Filling up the DagBag from /opt/airflow/dags/example_dag.py
[2025-02-04T00:03:22.770+0000] {processor.py:925} INFO - DAG(s) 'data_pipeline' retrieved from /opt/airflow/dags/example_dag.py
[2025-02-04T00:03:22.806+0000] {logging_mixin.py:190} INFO - [2025-02-04T00:03:22.806+0000] {dag.py:3239} INFO - Sync 1 DAGs
[2025-02-04T00:03:22.819+0000] {logging_mixin.py:190} INFO - [2025-02-04T00:03:22.819+0000] {dag.py:4180} INFO - Setting next_dagrun for data_pipeline to None, run_after=None
[2025-02-04T00:03:22.836+0000] {processor.py:208} INFO - Processing /opt/airflow/dags/example_dag.py took 0.099 seconds
[2025-02-04T00:03:53.299+0000] {processor.py:186} INFO - Started process (PID=516) to work on /opt/airflow/dags/example_dag.py
[2025-02-04T00:03:53.300+0000] {processor.py:914} INFO - Processing file /opt/airflow/dags/example_dag.py for tasks to queue
[2025-02-04T00:03:53.304+0000] {logging_mixin.py:190} INFO - [2025-02-04T00:03:53.303+0000] {dagbag.py:588} INFO - Filling up the DagBag from /opt/airflow/dags/example_dag.py
[2025-02-04T00:03:53.328+0000] {processor.py:925} INFO - DAG(s) 'data_pipeline' retrieved from /opt/airflow/dags/example_dag.py
[2025-02-04T00:03:53.367+0000] {logging_mixin.py:190} INFO - [2025-02-04T00:03:53.367+0000] {dag.py:3239} INFO - Sync 1 DAGs
[2025-02-04T00:03:53.385+0000] {logging_mixin.py:190} INFO - [2025-02-04T00:03:53.385+0000] {dag.py:4180} INFO - Setting next_dagrun for data_pipeline to None, run_after=None
[2025-02-04T00:03:53.407+0000] {processor.py:208} INFO - Processing /opt/airflow/dags/example_dag.py took 0.116 seconds
[2025-02-04T00:04:23.767+0000] {processor.py:186} INFO - Started process (PID=526) to work on /opt/airflow/dags/example_dag.py
[2025-02-04T00:04:23.768+0000] {processor.py:914} INFO - Processing file /opt/airflow/dags/example_dag.py for tasks to queue
[2025-02-04T00:04:23.772+0000] {logging_mixin.py:190} INFO - [2025-02-04T00:04:23.771+0000] {dagbag.py:588} INFO - Filling up the DagBag from /opt/airflow/dags/example_dag.py
[2025-02-04T00:04:23.798+0000] {processor.py:925} INFO - DAG(s) 'data_pipeline' retrieved from /opt/airflow/dags/example_dag.py
[2025-02-04T00:04:23.827+0000] {logging_mixin.py:190} INFO - [2025-02-04T00:04:23.827+0000] {dag.py:3239} INFO - Sync 1 DAGs
[2025-02-04T00:04:23.848+0000] {logging_mixin.py:190} INFO - [2025-02-04T00:04:23.847+0000] {dag.py:4180} INFO - Setting next_dagrun for data_pipeline to None, run_after=None
[2025-02-04T00:04:23.882+0000] {processor.py:208} INFO - Processing /opt/airflow/dags/example_dag.py took 0.125 seconds
[2025-02-04T00:04:54.270+0000] {processor.py:186} INFO - Started process (PID=536) to work on /opt/airflow/dags/example_dag.py
[2025-02-04T00:04:54.271+0000] {processor.py:914} INFO - Processing file /opt/airflow/dags/example_dag.py for tasks to queue
[2025-02-04T00:04:54.274+0000] {logging_mixin.py:190} INFO - [2025-02-04T00:04:54.273+0000] {dagbag.py:588} INFO - Filling up the DagBag from /opt/airflow/dags/example_dag.py
[2025-02-04T00:04:54.289+0000] {processor.py:925} INFO - DAG(s) 'data_pipeline' retrieved from /opt/airflow/dags/example_dag.py
[2025-02-04T00:04:54.325+0000] {logging_mixin.py:190} INFO - [2025-02-04T00:04:54.324+0000] {dag.py:3239} INFO - Sync 1 DAGs
[2025-02-04T00:04:54.338+0000] {logging_mixin.py:190} INFO - [2025-02-04T00:04:54.338+0000] {dag.py:4180} INFO - Setting next_dagrun for data_pipeline to None, run_after=None
[2025-02-04T00:04:54.357+0000] {processor.py:208} INFO - Processing /opt/airflow/dags/example_dag.py took 0.096 seconds
[2025-02-04T00:05:24.745+0000] {processor.py:186} INFO - Started process (PID=546) to work on /opt/airflow/dags/example_dag.py
[2025-02-04T00:05:24.746+0000] {processor.py:914} INFO - Processing file /opt/airflow/dags/example_dag.py for tasks to queue
[2025-02-04T00:05:24.752+0000] {logging_mixin.py:190} INFO - [2025-02-04T00:05:24.751+0000] {dagbag.py:588} INFO - Filling up the DagBag from /opt/airflow/dags/example_dag.py
[2025-02-04T00:05:24.777+0000] {processor.py:925} INFO - DAG(s) 'data_pipeline' retrieved from /opt/airflow/dags/example_dag.py
[2025-02-04T00:05:24.825+0000] {logging_mixin.py:190} INFO - [2025-02-04T00:05:24.824+0000] {dag.py:3239} INFO - Sync 1 DAGs
[2025-02-04T00:05:24.840+0000] {logging_mixin.py:190} INFO - [2025-02-04T00:05:24.840+0000] {dag.py:4180} INFO - Setting next_dagrun for data_pipeline to None, run_after=None
[2025-02-04T00:05:24.861+0000] {processor.py:208} INFO - Processing /opt/airflow/dags/example_dag.py took 0.131 seconds
[2025-02-04T00:05:34.851+0000] {processor.py:186} INFO - Started process (PID=556) to work on /opt/airflow/dags/example_dag.py
[2025-02-04T00:05:34.851+0000] {processor.py:914} INFO - Processing file /opt/airflow/dags/example_dag.py for tasks to queue
[2025-02-04T00:05:34.854+0000] {logging_mixin.py:190} INFO - [2025-02-04T00:05:34.853+0000] {dagbag.py:588} INFO - Filling up the DagBag from /opt/airflow/dags/example_dag.py
[2025-02-04T00:05:34.869+0000] {processor.py:925} INFO - DAG(s) 'data_pipeline' retrieved from /opt/airflow/dags/example_dag.py
[2025-02-04T00:05:34.900+0000] {logging_mixin.py:190} INFO - [2025-02-04T00:05:34.900+0000] {dag.py:3239} INFO - Sync 1 DAGs
[2025-02-04T00:05:34.912+0000] {logging_mixin.py:190} INFO - [2025-02-04T00:05:34.912+0000] {dag.py:4180} INFO - Setting next_dagrun for data_pipeline to None, run_after=None
[2025-02-04T00:05:34.926+0000] {processor.py:208} INFO - Processing /opt/airflow/dags/example_dag.py took 0.082 seconds
[2025-02-04T00:06:04.270+0000] {processor.py:186} INFO - Started process (PID=566) to work on /opt/airflow/dags/example_dag.py
[2025-02-04T00:06:04.272+0000] {processor.py:914} INFO - Processing file /opt/airflow/dags/example_dag.py for tasks to queue
[2025-02-04T00:06:04.277+0000] {logging_mixin.py:190} INFO - [2025-02-04T00:06:04.277+0000] {dagbag.py:588} INFO - Filling up the DagBag from /opt/airflow/dags/example_dag.py
[2025-02-04T00:06:04.303+0000] {processor.py:925} INFO - DAG(s) 'data_pipeline' retrieved from /opt/airflow/dags/example_dag.py
[2025-02-04T00:06:04.336+0000] {logging_mixin.py:190} INFO - [2025-02-04T00:06:04.335+0000] {dag.py:3239} INFO - Sync 1 DAGs
[2025-02-04T00:06:04.349+0000] {logging_mixin.py:190} INFO - [2025-02-04T00:06:04.348+0000] {dag.py:4180} INFO - Setting next_dagrun for data_pipeline to None, run_after=None
[2025-02-04T00:06:04.365+0000] {processor.py:208} INFO - Processing /opt/airflow/dags/example_dag.py took 0.105 seconds
[2025-02-04T00:07:06.749+0000] {processor.py:186} INFO - Started process (PID=165) to work on /opt/airflow/dags/example_dag.py
[2025-02-04T00:07:06.750+0000] {processor.py:914} INFO - Processing file /opt/airflow/dags/example_dag.py for tasks to queue
[2025-02-04T00:07:06.756+0000] {logging_mixin.py:190} INFO - [2025-02-04T00:07:06.753+0000] {dagbag.py:588} INFO - Filling up the DagBag from /opt/airflow/dags/example_dag.py
[2025-02-04T00:07:06.807+0000] {processor.py:925} INFO - DAG(s) 'data_pipeline' retrieved from /opt/airflow/dags/example_dag.py
[2025-02-04T00:07:06.861+0000] {logging_mixin.py:190} INFO - [2025-02-04T00:07:06.860+0000] {dag.py:3239} INFO - Sync 1 DAGs
[2025-02-04T00:07:06.878+0000] {logging_mixin.py:190} INFO - [2025-02-04T00:07:06.878+0000] {dag.py:4180} INFO - Setting next_dagrun for data_pipeline to None, run_after=None
[2025-02-04T00:07:06.907+0000] {processor.py:208} INFO - Processing /opt/airflow/dags/example_dag.py took 0.166 seconds
[2025-02-04T00:07:37.120+0000] {processor.py:186} INFO - Started process (PID=199) to work on /opt/airflow/dags/example_dag.py
[2025-02-04T00:07:37.121+0000] {processor.py:914} INFO - Processing file /opt/airflow/dags/example_dag.py for tasks to queue
[2025-02-04T00:07:37.126+0000] {logging_mixin.py:190} INFO - [2025-02-04T00:07:37.126+0000] {dagbag.py:588} INFO - Filling up the DagBag from /opt/airflow/dags/example_dag.py
[2025-02-04T00:07:37.187+0000] {processor.py:925} INFO - DAG(s) 'data_pipeline' retrieved from /opt/airflow/dags/example_dag.py
[2025-02-04T00:07:37.232+0000] {logging_mixin.py:190} INFO - [2025-02-04T00:07:37.231+0000] {dag.py:3239} INFO - Sync 1 DAGs
[2025-02-04T00:07:37.253+0000] {logging_mixin.py:190} INFO - [2025-02-04T00:07:37.253+0000] {dag.py:4180} INFO - Setting next_dagrun for data_pipeline to None, run_after=None
[2025-02-04T00:07:37.275+0000] {processor.py:208} INFO - Processing /opt/airflow/dags/example_dag.py took 0.169 seconds
[2025-02-04T00:08:07.711+0000] {processor.py:186} INFO - Started process (PID=212) to work on /opt/airflow/dags/example_dag.py
[2025-02-04T00:08:07.712+0000] {processor.py:914} INFO - Processing file /opt/airflow/dags/example_dag.py for tasks to queue
[2025-02-04T00:08:07.716+0000] {logging_mixin.py:190} INFO - [2025-02-04T00:08:07.716+0000] {dagbag.py:588} INFO - Filling up the DagBag from /opt/airflow/dags/example_dag.py
[2025-02-04T00:08:07.779+0000] {processor.py:925} INFO - DAG(s) 'data_pipeline' retrieved from /opt/airflow/dags/example_dag.py
[2025-02-04T00:08:07.820+0000] {logging_mixin.py:190} INFO - [2025-02-04T00:08:07.819+0000] {dag.py:3239} INFO - Sync 1 DAGs
[2025-02-04T00:08:07.836+0000] {logging_mixin.py:190} INFO - [2025-02-04T00:08:07.836+0000] {dag.py:4180} INFO - Setting next_dagrun for data_pipeline to None, run_after=None
[2025-02-04T00:08:07.859+0000] {processor.py:208} INFO - Processing /opt/airflow/dags/example_dag.py took 0.158 seconds
[2025-02-04T00:08:38.138+0000] {processor.py:186} INFO - Started process (PID=222) to work on /opt/airflow/dags/example_dag.py
[2025-02-04T00:08:38.139+0000] {processor.py:914} INFO - Processing file /opt/airflow/dags/example_dag.py for tasks to queue
[2025-02-04T00:08:38.143+0000] {logging_mixin.py:190} INFO - [2025-02-04T00:08:38.142+0000] {dagbag.py:588} INFO - Filling up the DagBag from /opt/airflow/dags/example_dag.py
[2025-02-04T00:08:38.209+0000] {processor.py:925} INFO - DAG(s) 'data_pipeline' retrieved from /opt/airflow/dags/example_dag.py
[2025-02-04T00:08:38.252+0000] {logging_mixin.py:190} INFO - [2025-02-04T00:08:38.252+0000] {dag.py:3239} INFO - Sync 1 DAGs
[2025-02-04T00:08:38.269+0000] {logging_mixin.py:190} INFO - [2025-02-04T00:08:38.268+0000] {dag.py:4180} INFO - Setting next_dagrun for data_pipeline to None, run_after=None
[2025-02-04T00:08:38.288+0000] {processor.py:208} INFO - Processing /opt/airflow/dags/example_dag.py took 0.158 seconds
[2025-02-04T00:09:08.719+0000] {processor.py:186} INFO - Started process (PID=235) to work on /opt/airflow/dags/example_dag.py
[2025-02-04T00:09:08.720+0000] {processor.py:914} INFO - Processing file /opt/airflow/dags/example_dag.py for tasks to queue
[2025-02-04T00:09:08.725+0000] {logging_mixin.py:190} INFO - [2025-02-04T00:09:08.724+0000] {dagbag.py:588} INFO - Filling up the DagBag from /opt/airflow/dags/example_dag.py
[2025-02-04T00:09:08.794+0000] {processor.py:925} INFO - DAG(s) 'data_pipeline' retrieved from /opt/airflow/dags/example_dag.py
[2025-02-04T00:09:08.851+0000] {logging_mixin.py:190} INFO - [2025-02-04T00:09:08.850+0000] {dag.py:3239} INFO - Sync 1 DAGs
[2025-02-04T00:09:08.869+0000] {logging_mixin.py:190} INFO - [2025-02-04T00:09:08.869+0000] {dag.py:4180} INFO - Setting next_dagrun for data_pipeline to None, run_after=None
[2025-02-04T00:09:08.892+0000] {processor.py:208} INFO - Processing /opt/airflow/dags/example_dag.py took 0.190 seconds
[2025-02-04T00:09:39.108+0000] {processor.py:186} INFO - Started process (PID=262) to work on /opt/airflow/dags/example_dag.py
[2025-02-04T00:09:39.109+0000] {processor.py:914} INFO - Processing file /opt/airflow/dags/example_dag.py for tasks to queue
[2025-02-04T00:09:39.112+0000] {logging_mixin.py:190} INFO - [2025-02-04T00:09:39.111+0000] {dagbag.py:588} INFO - Filling up the DagBag from /opt/airflow/dags/example_dag.py
[2025-02-04T00:09:39.137+0000] {processor.py:925} INFO - DAG(s) 'data_pipeline' retrieved from /opt/airflow/dags/example_dag.py
[2025-02-04T00:09:39.163+0000] {logging_mixin.py:190} INFO - [2025-02-04T00:09:39.163+0000] {dag.py:3239} INFO - Sync 1 DAGs
[2025-02-04T00:09:39.177+0000] {logging_mixin.py:190} INFO - [2025-02-04T00:09:39.177+0000] {dag.py:4180} INFO - Setting next_dagrun for data_pipeline to None, run_after=None
[2025-02-04T00:09:39.196+0000] {processor.py:208} INFO - Processing /opt/airflow/dags/example_dag.py took 0.095 seconds
[2025-02-04T00:10:09.650+0000] {processor.py:186} INFO - Started process (PID=272) to work on /opt/airflow/dags/example_dag.py
[2025-02-04T00:10:09.651+0000] {processor.py:914} INFO - Processing file /opt/airflow/dags/example_dag.py for tasks to queue
[2025-02-04T00:10:09.655+0000] {logging_mixin.py:190} INFO - [2025-02-04T00:10:09.655+0000] {dagbag.py:588} INFO - Filling up the DagBag from /opt/airflow/dags/example_dag.py
[2025-02-04T00:10:09.679+0000] {processor.py:925} INFO - DAG(s) 'data_pipeline' retrieved from /opt/airflow/dags/example_dag.py
[2025-02-04T00:10:09.724+0000] {logging_mixin.py:190} INFO - [2025-02-04T00:10:09.724+0000] {dag.py:3239} INFO - Sync 1 DAGs
[2025-02-04T00:10:09.741+0000] {logging_mixin.py:190} INFO - [2025-02-04T00:10:09.741+0000] {dag.py:4180} INFO - Setting next_dagrun for data_pipeline to None, run_after=None
[2025-02-04T00:10:09.766+0000] {processor.py:208} INFO - Processing /opt/airflow/dags/example_dag.py took 0.126 seconds
[2025-02-04T00:10:40.026+0000] {processor.py:186} INFO - Started process (PID=282) to work on /opt/airflow/dags/example_dag.py
[2025-02-04T00:10:40.028+0000] {processor.py:914} INFO - Processing file /opt/airflow/dags/example_dag.py for tasks to queue
[2025-02-04T00:10:40.033+0000] {logging_mixin.py:190} INFO - [2025-02-04T00:10:40.032+0000] {dagbag.py:588} INFO - Filling up the DagBag from /opt/airflow/dags/example_dag.py
[2025-02-04T00:10:40.056+0000] {processor.py:925} INFO - DAG(s) 'data_pipeline' retrieved from /opt/airflow/dags/example_dag.py
[2025-02-04T00:10:40.098+0000] {logging_mixin.py:190} INFO - [2025-02-04T00:10:40.098+0000] {dag.py:3239} INFO - Sync 1 DAGs
[2025-02-04T00:10:40.131+0000] {logging_mixin.py:190} INFO - [2025-02-04T00:10:40.130+0000] {dag.py:4180} INFO - Setting next_dagrun for data_pipeline to None, run_after=None
[2025-02-04T00:10:40.153+0000] {processor.py:208} INFO - Processing /opt/airflow/dags/example_dag.py took 0.144 seconds
[2025-02-04T00:16:07.856+0000] {processor.py:186} INFO - Started process (PID=165) to work on /opt/airflow/dags/example_dag.py
[2025-02-04T00:16:07.857+0000] {processor.py:914} INFO - Processing file /opt/airflow/dags/example_dag.py for tasks to queue
[2025-02-04T00:16:07.860+0000] {logging_mixin.py:190} INFO - [2025-02-04T00:16:07.859+0000] {dagbag.py:588} INFO - Filling up the DagBag from /opt/airflow/dags/example_dag.py
[2025-02-04T00:16:07.905+0000] {processor.py:925} INFO - DAG(s) 'data_pipeline' retrieved from /opt/airflow/dags/example_dag.py
[2025-02-04T00:16:08.199+0000] {logging_mixin.py:190} INFO - [2025-02-04T00:16:08.198+0000] {override.py:1911} INFO - Created Permission View: can edit on DAG:data_pipeline
[2025-02-04T00:16:08.232+0000] {logging_mixin.py:190} INFO - [2025-02-04T00:16:08.231+0000] {override.py:1911} INFO - Created Permission View: can delete on DAG:data_pipeline
[2025-02-04T00:16:08.241+0000] {logging_mixin.py:190} INFO - [2025-02-04T00:16:08.241+0000] {override.py:1911} INFO - Created Permission View: can read on DAG:data_pipeline
[2025-02-04T00:16:08.250+0000] {logging_mixin.py:190} INFO - [2025-02-04T00:16:08.249+0000] {override.py:1911} INFO - Created Permission View: can delete on DAG Run:data_pipeline
[2025-02-04T00:16:08.257+0000] {logging_mixin.py:190} INFO - [2025-02-04T00:16:08.257+0000] {override.py:1911} INFO - Created Permission View: can create on DAG Run:data_pipeline
[2025-02-04T00:16:08.274+0000] {logging_mixin.py:190} INFO - [2025-02-04T00:16:08.274+0000] {override.py:1911} INFO - Created Permission View: can read on DAG Run:data_pipeline
[2025-02-04T00:16:08.281+0000] {logging_mixin.py:190} INFO - [2025-02-04T00:16:08.281+0000] {override.py:1759} ERROR - Add Permission: (psycopg2.errors.UniqueViolation) duplicate key value violates unique constraint "ab_permission_name_uq"
DETAIL:  Key (name)=(menu_access) already exists.

[SQL: INSERT INTO ab_permission (name) VALUES (%(name)s) RETURNING ab_permission.id]
[parameters: {'name': 'menu_access'}]
(Background on this error at: https://sqlalche.me/e/14/gkpj)
[2025-02-04T00:16:08.287+0000] {logging_mixin.py:190} INFO - [2025-02-04T00:16:08.286+0000] {override.py:1911} INFO - Created Permission View: None on DAG Run:data_pipeline
[2025-02-04T00:16:08.287+0000] {logging_mixin.py:190} INFO - [2025-02-04T00:16:08.287+0000] {dag.py:3239} INFO - Sync 1 DAGs
[2025-02-04T00:16:08.299+0000] {logging_mixin.py:190} INFO - [2025-02-04T00:16:08.299+0000] {dag.py:3262} INFO - Creating ORM DAG for data_pipeline
[2025-02-04T00:16:08.300+0000] {logging_mixin.py:190} INFO - [2025-02-04T00:16:08.300+0000] {dag.py:4180} INFO - Setting next_dagrun for data_pipeline to None, run_after=None
[2025-02-04T00:16:08.315+0000] {processor.py:208} INFO - Processing /opt/airflow/dags/example_dag.py took 0.467 seconds
[2025-02-04T00:16:38.644+0000] {processor.py:186} INFO - Started process (PID=199) to work on /opt/airflow/dags/example_dag.py
[2025-02-04T00:16:38.645+0000] {processor.py:914} INFO - Processing file /opt/airflow/dags/example_dag.py for tasks to queue
[2025-02-04T00:16:38.649+0000] {logging_mixin.py:190} INFO - [2025-02-04T00:16:38.649+0000] {dagbag.py:588} INFO - Filling up the DagBag from /opt/airflow/dags/example_dag.py
[2025-02-04T00:16:38.679+0000] {processor.py:925} INFO - DAG(s) 'data_pipeline' retrieved from /opt/airflow/dags/example_dag.py
[2025-02-04T00:16:38.717+0000] {logging_mixin.py:190} INFO - [2025-02-04T00:16:38.716+0000] {dag.py:3239} INFO - Sync 1 DAGs
[2025-02-04T00:16:38.736+0000] {logging_mixin.py:190} INFO - [2025-02-04T00:16:38.736+0000] {dag.py:4180} INFO - Setting next_dagrun for data_pipeline to None, run_after=None
[2025-02-04T00:16:38.751+0000] {processor.py:208} INFO - Processing /opt/airflow/dags/example_dag.py took 0.117 seconds
[2025-02-04T00:17:09.068+0000] {processor.py:186} INFO - Started process (PID=210) to work on /opt/airflow/dags/example_dag.py
[2025-02-04T00:17:09.070+0000] {processor.py:914} INFO - Processing file /opt/airflow/dags/example_dag.py for tasks to queue
[2025-02-04T00:17:09.076+0000] {logging_mixin.py:190} INFO - [2025-02-04T00:17:09.076+0000] {dagbag.py:588} INFO - Filling up the DagBag from /opt/airflow/dags/example_dag.py
[2025-02-04T00:17:09.139+0000] {processor.py:925} INFO - DAG(s) 'data_pipeline' retrieved from /opt/airflow/dags/example_dag.py
[2025-02-04T00:17:09.199+0000] {logging_mixin.py:190} INFO - [2025-02-04T00:17:09.199+0000] {dag.py:3239} INFO - Sync 1 DAGs
[2025-02-04T00:17:09.221+0000] {logging_mixin.py:190} INFO - [2025-02-04T00:17:09.221+0000] {dag.py:4180} INFO - Setting next_dagrun for data_pipeline to None, run_after=None
[2025-02-04T00:17:09.247+0000] {processor.py:208} INFO - Processing /opt/airflow/dags/example_dag.py took 0.195 seconds
[2025-02-04T00:17:39.588+0000] {processor.py:186} INFO - Started process (PID=223) to work on /opt/airflow/dags/example_dag.py
[2025-02-04T00:17:39.589+0000] {processor.py:914} INFO - Processing file /opt/airflow/dags/example_dag.py for tasks to queue
[2025-02-04T00:17:39.594+0000] {logging_mixin.py:190} INFO - [2025-02-04T00:17:39.593+0000] {dagbag.py:588} INFO - Filling up the DagBag from /opt/airflow/dags/example_dag.py
[2025-02-04T00:17:39.616+0000] {processor.py:925} INFO - DAG(s) 'data_pipeline' retrieved from /opt/airflow/dags/example_dag.py
[2025-02-04T00:17:39.655+0000] {logging_mixin.py:190} INFO - [2025-02-04T00:17:39.655+0000] {dag.py:3239} INFO - Sync 1 DAGs
[2025-02-04T00:17:39.674+0000] {logging_mixin.py:190} INFO - [2025-02-04T00:17:39.674+0000] {dag.py:4180} INFO - Setting next_dagrun for data_pipeline to None, run_after=None
[2025-02-04T00:17:39.699+0000] {processor.py:208} INFO - Processing /opt/airflow/dags/example_dag.py took 0.122 seconds
[2025-02-04T00:18:09.967+0000] {processor.py:186} INFO - Started process (PID=252) to work on /opt/airflow/dags/example_dag.py
[2025-02-04T00:18:09.968+0000] {processor.py:914} INFO - Processing file /opt/airflow/dags/example_dag.py for tasks to queue
[2025-02-04T00:18:09.972+0000] {logging_mixin.py:190} INFO - [2025-02-04T00:18:09.971+0000] {dagbag.py:588} INFO - Filling up the DagBag from /opt/airflow/dags/example_dag.py
[2025-02-04T00:18:09.996+0000] {processor.py:925} INFO - DAG(s) 'data_pipeline' retrieved from /opt/airflow/dags/example_dag.py
[2025-02-04T00:18:10.027+0000] {logging_mixin.py:190} INFO - [2025-02-04T00:18:10.027+0000] {dag.py:3239} INFO - Sync 1 DAGs
[2025-02-04T00:18:10.041+0000] {logging_mixin.py:190} INFO - [2025-02-04T00:18:10.040+0000] {dag.py:4180} INFO - Setting next_dagrun for data_pipeline to None, run_after=None
[2025-02-04T00:18:10.057+0000] {processor.py:208} INFO - Processing /opt/airflow/dags/example_dag.py took 0.098 seconds
[2025-02-04T00:18:40.504+0000] {processor.py:186} INFO - Started process (PID=266) to work on /opt/airflow/dags/example_dag.py
[2025-02-04T00:18:40.505+0000] {processor.py:914} INFO - Processing file /opt/airflow/dags/example_dag.py for tasks to queue
[2025-02-04T00:18:40.509+0000] {logging_mixin.py:190} INFO - [2025-02-04T00:18:40.508+0000] {dagbag.py:588} INFO - Filling up the DagBag from /opt/airflow/dags/example_dag.py
[2025-02-04T00:18:40.529+0000] {processor.py:925} INFO - DAG(s) 'data_pipeline' retrieved from /opt/airflow/dags/example_dag.py
[2025-02-04T00:18:40.565+0000] {logging_mixin.py:190} INFO - [2025-02-04T00:18:40.565+0000] {dag.py:3239} INFO - Sync 1 DAGs
[2025-02-04T00:18:40.581+0000] {logging_mixin.py:190} INFO - [2025-02-04T00:18:40.581+0000] {dag.py:4180} INFO - Setting next_dagrun for data_pipeline to None, run_after=None
[2025-02-04T00:18:40.602+0000] {processor.py:208} INFO - Processing /opt/airflow/dags/example_dag.py took 0.106 seconds
[2025-02-04T00:19:11.075+0000] {processor.py:186} INFO - Started process (PID=276) to work on /opt/airflow/dags/example_dag.py
[2025-02-04T00:19:11.076+0000] {processor.py:914} INFO - Processing file /opt/airflow/dags/example_dag.py for tasks to queue
[2025-02-04T00:19:11.079+0000] {logging_mixin.py:190} INFO - [2025-02-04T00:19:11.078+0000] {dagbag.py:588} INFO - Filling up the DagBag from /opt/airflow/dags/example_dag.py
[2025-02-04T00:19:11.096+0000] {processor.py:925} INFO - DAG(s) 'data_pipeline' retrieved from /opt/airflow/dags/example_dag.py
[2025-02-04T00:19:11.122+0000] {logging_mixin.py:190} INFO - [2025-02-04T00:19:11.122+0000] {dag.py:3239} INFO - Sync 1 DAGs
[2025-02-04T00:19:11.135+0000] {logging_mixin.py:190} INFO - [2025-02-04T00:19:11.135+0000] {dag.py:4180} INFO - Setting next_dagrun for data_pipeline to None, run_after=None
[2025-02-04T00:19:11.153+0000] {processor.py:208} INFO - Processing /opt/airflow/dags/example_dag.py took 0.086 seconds
[2025-02-04T00:19:41.507+0000] {processor.py:186} INFO - Started process (PID=286) to work on /opt/airflow/dags/example_dag.py
[2025-02-04T00:19:41.508+0000] {processor.py:914} INFO - Processing file /opt/airflow/dags/example_dag.py for tasks to queue
[2025-02-04T00:19:41.512+0000] {logging_mixin.py:190} INFO - [2025-02-04T00:19:41.512+0000] {dagbag.py:588} INFO - Filling up the DagBag from /opt/airflow/dags/example_dag.py
[2025-02-04T00:19:41.540+0000] {processor.py:925} INFO - DAG(s) 'data_pipeline' retrieved from /opt/airflow/dags/example_dag.py
[2025-02-04T00:19:41.578+0000] {logging_mixin.py:190} INFO - [2025-02-04T00:19:41.578+0000] {dag.py:3239} INFO - Sync 1 DAGs
[2025-02-04T00:19:41.595+0000] {logging_mixin.py:190} INFO - [2025-02-04T00:19:41.595+0000] {dag.py:4180} INFO - Setting next_dagrun for data_pipeline to None, run_after=None
[2025-02-04T00:19:41.614+0000] {processor.py:208} INFO - Processing /opt/airflow/dags/example_dag.py took 0.117 seconds
[2025-02-04T00:20:11.955+0000] {processor.py:186} INFO - Started process (PID=296) to work on /opt/airflow/dags/example_dag.py
[2025-02-04T00:20:11.956+0000] {processor.py:914} INFO - Processing file /opt/airflow/dags/example_dag.py for tasks to queue
[2025-02-04T00:20:11.959+0000] {logging_mixin.py:190} INFO - [2025-02-04T00:20:11.959+0000] {dagbag.py:588} INFO - Filling up the DagBag from /opt/airflow/dags/example_dag.py
[2025-02-04T00:20:11.976+0000] {processor.py:925} INFO - DAG(s) 'data_pipeline' retrieved from /opt/airflow/dags/example_dag.py
[2025-02-04T00:20:12.009+0000] {logging_mixin.py:190} INFO - [2025-02-04T00:20:12.009+0000] {dag.py:3239} INFO - Sync 1 DAGs
[2025-02-04T00:20:12.023+0000] {logging_mixin.py:190} INFO - [2025-02-04T00:20:12.022+0000] {dag.py:4180} INFO - Setting next_dagrun for data_pipeline to None, run_after=None
[2025-02-04T00:20:12.042+0000] {processor.py:208} INFO - Processing /opt/airflow/dags/example_dag.py took 0.097 seconds
[2025-02-04T00:20:42.491+0000] {processor.py:186} INFO - Started process (PID=306) to work on /opt/airflow/dags/example_dag.py
[2025-02-04T00:20:42.492+0000] {processor.py:914} INFO - Processing file /opt/airflow/dags/example_dag.py for tasks to queue
[2025-02-04T00:20:42.501+0000] {logging_mixin.py:190} INFO - [2025-02-04T00:20:42.499+0000] {dagbag.py:588} INFO - Filling up the DagBag from /opt/airflow/dags/example_dag.py
[2025-02-04T00:20:42.529+0000] {processor.py:925} INFO - DAG(s) 'data_pipeline' retrieved from /opt/airflow/dags/example_dag.py
[2025-02-04T00:20:42.571+0000] {logging_mixin.py:190} INFO - [2025-02-04T00:20:42.570+0000] {dag.py:3239} INFO - Sync 1 DAGs
[2025-02-04T00:20:42.585+0000] {logging_mixin.py:190} INFO - [2025-02-04T00:20:42.585+0000] {dag.py:4180} INFO - Setting next_dagrun for data_pipeline to None, run_after=None
[2025-02-04T00:20:42.604+0000] {processor.py:208} INFO - Processing /opt/airflow/dags/example_dag.py took 0.123 seconds
[2025-02-04T00:21:13.042+0000] {processor.py:186} INFO - Started process (PID=316) to work on /opt/airflow/dags/example_dag.py
[2025-02-04T00:21:13.043+0000] {processor.py:914} INFO - Processing file /opt/airflow/dags/example_dag.py for tasks to queue
[2025-02-04T00:21:13.045+0000] {logging_mixin.py:190} INFO - [2025-02-04T00:21:13.045+0000] {dagbag.py:588} INFO - Filling up the DagBag from /opt/airflow/dags/example_dag.py
[2025-02-04T00:21:13.062+0000] {processor.py:925} INFO - DAG(s) 'data_pipeline' retrieved from /opt/airflow/dags/example_dag.py
[2025-02-04T00:21:13.091+0000] {logging_mixin.py:190} INFO - [2025-02-04T00:21:13.091+0000] {dag.py:3239} INFO - Sync 1 DAGs
[2025-02-04T00:21:13.102+0000] {logging_mixin.py:190} INFO - [2025-02-04T00:21:13.102+0000] {dag.py:4180} INFO - Setting next_dagrun for data_pipeline to None, run_after=None
[2025-02-04T00:21:13.127+0000] {processor.py:208} INFO - Processing /opt/airflow/dags/example_dag.py took 0.091 seconds
[2025-02-04T00:21:43.628+0000] {processor.py:186} INFO - Started process (PID=326) to work on /opt/airflow/dags/example_dag.py
[2025-02-04T00:21:43.629+0000] {processor.py:914} INFO - Processing file /opt/airflow/dags/example_dag.py for tasks to queue
[2025-02-04T00:21:43.633+0000] {logging_mixin.py:190} INFO - [2025-02-04T00:21:43.632+0000] {dagbag.py:588} INFO - Filling up the DagBag from /opt/airflow/dags/example_dag.py
[2025-02-04T00:21:43.657+0000] {processor.py:925} INFO - DAG(s) 'data_pipeline' retrieved from /opt/airflow/dags/example_dag.py
[2025-02-04T00:21:43.694+0000] {logging_mixin.py:190} INFO - [2025-02-04T00:21:43.693+0000] {dag.py:3239} INFO - Sync 1 DAGs
[2025-02-04T00:21:43.710+0000] {logging_mixin.py:190} INFO - [2025-02-04T00:21:43.710+0000] {dag.py:4180} INFO - Setting next_dagrun for data_pipeline to None, run_after=None
[2025-02-04T00:21:43.729+0000] {processor.py:208} INFO - Processing /opt/airflow/dags/example_dag.py took 0.111 seconds
[2025-02-04T00:22:14.085+0000] {processor.py:186} INFO - Started process (PID=336) to work on /opt/airflow/dags/example_dag.py
[2025-02-04T00:22:14.087+0000] {processor.py:914} INFO - Processing file /opt/airflow/dags/example_dag.py for tasks to queue
[2025-02-04T00:22:14.089+0000] {logging_mixin.py:190} INFO - [2025-02-04T00:22:14.089+0000] {dagbag.py:588} INFO - Filling up the DagBag from /opt/airflow/dags/example_dag.py
[2025-02-04T00:22:14.109+0000] {processor.py:925} INFO - DAG(s) 'data_pipeline' retrieved from /opt/airflow/dags/example_dag.py
[2025-02-04T00:22:14.137+0000] {logging_mixin.py:190} INFO - [2025-02-04T00:22:14.137+0000] {dag.py:3239} INFO - Sync 1 DAGs
[2025-02-04T00:22:14.152+0000] {logging_mixin.py:190} INFO - [2025-02-04T00:22:14.152+0000] {dag.py:4180} INFO - Setting next_dagrun for data_pipeline to None, run_after=None
[2025-02-04T00:22:14.167+0000] {processor.py:208} INFO - Processing /opt/airflow/dags/example_dag.py took 0.093 seconds
[2025-02-04T00:22:44.515+0000] {processor.py:186} INFO - Started process (PID=346) to work on /opt/airflow/dags/example_dag.py
[2025-02-04T00:22:44.517+0000] {processor.py:914} INFO - Processing file /opt/airflow/dags/example_dag.py for tasks to queue
[2025-02-04T00:22:44.525+0000] {logging_mixin.py:190} INFO - [2025-02-04T00:22:44.524+0000] {dagbag.py:588} INFO - Filling up the DagBag from /opt/airflow/dags/example_dag.py
[2025-02-04T00:22:44.558+0000] {processor.py:925} INFO - DAG(s) 'data_pipeline' retrieved from /opt/airflow/dags/example_dag.py
[2025-02-04T00:22:44.617+0000] {logging_mixin.py:190} INFO - [2025-02-04T00:22:44.617+0000] {dag.py:3239} INFO - Sync 1 DAGs
[2025-02-04T00:22:44.645+0000] {logging_mixin.py:190} INFO - [2025-02-04T00:22:44.644+0000] {dag.py:4180} INFO - Setting next_dagrun for data_pipeline to None, run_after=None
[2025-02-04T00:22:44.670+0000] {processor.py:208} INFO - Processing /opt/airflow/dags/example_dag.py took 0.176 seconds
[2025-02-04T00:23:14.997+0000] {processor.py:186} INFO - Started process (PID=356) to work on /opt/airflow/dags/example_dag.py
[2025-02-04T00:23:14.998+0000] {processor.py:914} INFO - Processing file /opt/airflow/dags/example_dag.py for tasks to queue
[2025-02-04T00:23:15.002+0000] {logging_mixin.py:190} INFO - [2025-02-04T00:23:15.001+0000] {dagbag.py:588} INFO - Filling up the DagBag from /opt/airflow/dags/example_dag.py
[2025-02-04T00:23:15.025+0000] {processor.py:925} INFO - DAG(s) 'data_pipeline' retrieved from /opt/airflow/dags/example_dag.py
[2025-02-04T00:23:15.064+0000] {logging_mixin.py:190} INFO - [2025-02-04T00:23:15.063+0000] {dag.py:3239} INFO - Sync 1 DAGs
[2025-02-04T00:23:15.079+0000] {logging_mixin.py:190} INFO - [2025-02-04T00:23:15.079+0000] {dag.py:4180} INFO - Setting next_dagrun for data_pipeline to None, run_after=None
[2025-02-04T00:23:15.100+0000] {processor.py:208} INFO - Processing /opt/airflow/dags/example_dag.py took 0.112 seconds
[2025-02-04T00:23:45.525+0000] {processor.py:186} INFO - Started process (PID=366) to work on /opt/airflow/dags/example_dag.py
[2025-02-04T00:23:45.526+0000] {processor.py:914} INFO - Processing file /opt/airflow/dags/example_dag.py for tasks to queue
[2025-02-04T00:23:45.529+0000] {logging_mixin.py:190} INFO - [2025-02-04T00:23:45.528+0000] {dagbag.py:588} INFO - Filling up the DagBag from /opt/airflow/dags/example_dag.py
[2025-02-04T00:23:45.547+0000] {processor.py:925} INFO - DAG(s) 'data_pipeline' retrieved from /opt/airflow/dags/example_dag.py
[2025-02-04T00:23:45.581+0000] {logging_mixin.py:190} INFO - [2025-02-04T00:23:45.581+0000] {dag.py:3239} INFO - Sync 1 DAGs
[2025-02-04T00:23:45.597+0000] {logging_mixin.py:190} INFO - [2025-02-04T00:23:45.597+0000] {dag.py:4180} INFO - Setting next_dagrun for data_pipeline to None, run_after=None
[2025-02-04T00:23:45.613+0000] {processor.py:208} INFO - Processing /opt/airflow/dags/example_dag.py took 0.096 seconds
[2025-02-04T00:24:16.059+0000] {processor.py:186} INFO - Started process (PID=376) to work on /opt/airflow/dags/example_dag.py
[2025-02-04T00:24:16.060+0000] {processor.py:914} INFO - Processing file /opt/airflow/dags/example_dag.py for tasks to queue
[2025-02-04T00:24:16.068+0000] {logging_mixin.py:190} INFO - [2025-02-04T00:24:16.065+0000] {dagbag.py:588} INFO - Filling up the DagBag from /opt/airflow/dags/example_dag.py
[2025-02-04T00:24:16.112+0000] {processor.py:925} INFO - DAG(s) 'data_pipeline' retrieved from /opt/airflow/dags/example_dag.py
[2025-02-04T00:24:16.158+0000] {logging_mixin.py:190} INFO - [2025-02-04T00:24:16.158+0000] {dag.py:3239} INFO - Sync 1 DAGs
[2025-02-04T00:24:16.183+0000] {logging_mixin.py:190} INFO - [2025-02-04T00:24:16.182+0000] {dag.py:4180} INFO - Setting next_dagrun for data_pipeline to None, run_after=None
[2025-02-04T00:24:16.204+0000] {processor.py:208} INFO - Processing /opt/airflow/dags/example_dag.py took 0.156 seconds
[2025-02-04T00:24:46.523+0000] {processor.py:186} INFO - Started process (PID=386) to work on /opt/airflow/dags/example_dag.py
[2025-02-04T00:24:46.524+0000] {processor.py:914} INFO - Processing file /opt/airflow/dags/example_dag.py for tasks to queue
[2025-02-04T00:24:46.529+0000] {logging_mixin.py:190} INFO - [2025-02-04T00:24:46.529+0000] {dagbag.py:588} INFO - Filling up the DagBag from /opt/airflow/dags/example_dag.py
[2025-02-04T00:24:46.551+0000] {processor.py:925} INFO - DAG(s) 'data_pipeline' retrieved from /opt/airflow/dags/example_dag.py
[2025-02-04T00:24:46.590+0000] {logging_mixin.py:190} INFO - [2025-02-04T00:24:46.590+0000] {dag.py:3239} INFO - Sync 1 DAGs
[2025-02-04T00:24:46.607+0000] {logging_mixin.py:190} INFO - [2025-02-04T00:24:46.607+0000] {dag.py:4180} INFO - Setting next_dagrun for data_pipeline to None, run_after=None
[2025-02-04T00:24:46.627+0000] {processor.py:208} INFO - Processing /opt/airflow/dags/example_dag.py took 0.114 seconds
[2025-02-04T00:25:17.140+0000] {processor.py:186} INFO - Started process (PID=396) to work on /opt/airflow/dags/example_dag.py
[2025-02-04T00:25:17.142+0000] {processor.py:914} INFO - Processing file /opt/airflow/dags/example_dag.py for tasks to queue
[2025-02-04T00:25:17.144+0000] {logging_mixin.py:190} INFO - [2025-02-04T00:25:17.143+0000] {dagbag.py:588} INFO - Filling up the DagBag from /opt/airflow/dags/example_dag.py
[2025-02-04T00:25:17.160+0000] {processor.py:925} INFO - DAG(s) 'data_pipeline' retrieved from /opt/airflow/dags/example_dag.py
[2025-02-04T00:25:17.190+0000] {logging_mixin.py:190} INFO - [2025-02-04T00:25:17.190+0000] {dag.py:3239} INFO - Sync 1 DAGs
[2025-02-04T00:25:17.202+0000] {logging_mixin.py:190} INFO - [2025-02-04T00:25:17.202+0000] {dag.py:4180} INFO - Setting next_dagrun for data_pipeline to None, run_after=None
[2025-02-04T00:25:17.218+0000] {processor.py:208} INFO - Processing /opt/airflow/dags/example_dag.py took 0.087 seconds
[2025-02-04T00:25:47.550+0000] {processor.py:186} INFO - Started process (PID=406) to work on /opt/airflow/dags/example_dag.py
[2025-02-04T00:25:47.551+0000] {processor.py:914} INFO - Processing file /opt/airflow/dags/example_dag.py for tasks to queue
[2025-02-04T00:25:47.566+0000] {logging_mixin.py:190} INFO - [2025-02-04T00:25:47.566+0000] {dagbag.py:588} INFO - Filling up the DagBag from /opt/airflow/dags/example_dag.py
[2025-02-04T00:25:47.596+0000] {processor.py:925} INFO - DAG(s) 'data_pipeline' retrieved from /opt/airflow/dags/example_dag.py
[2025-02-04T00:25:47.644+0000] {logging_mixin.py:190} INFO - [2025-02-04T00:25:47.644+0000] {dag.py:3239} INFO - Sync 1 DAGs
[2025-02-04T00:25:47.664+0000] {logging_mixin.py:190} INFO - [2025-02-04T00:25:47.664+0000] {dag.py:4180} INFO - Setting next_dagrun for data_pipeline to None, run_after=None
[2025-02-04T00:25:47.689+0000] {processor.py:208} INFO - Processing /opt/airflow/dags/example_dag.py took 0.147 seconds
[2025-02-04T00:26:17.942+0000] {processor.py:186} INFO - Started process (PID=416) to work on /opt/airflow/dags/example_dag.py
[2025-02-04T00:26:17.943+0000] {processor.py:914} INFO - Processing file /opt/airflow/dags/example_dag.py for tasks to queue
[2025-02-04T00:26:17.948+0000] {logging_mixin.py:190} INFO - [2025-02-04T00:26:17.948+0000] {dagbag.py:588} INFO - Filling up the DagBag from /opt/airflow/dags/example_dag.py
[2025-02-04T00:26:17.979+0000] {processor.py:925} INFO - DAG(s) 'data_pipeline' retrieved from /opt/airflow/dags/example_dag.py
[2025-02-04T00:26:18.026+0000] {logging_mixin.py:190} INFO - [2025-02-04T00:26:18.026+0000] {dag.py:3239} INFO - Sync 1 DAGs
[2025-02-04T00:26:18.042+0000] {logging_mixin.py:190} INFO - [2025-02-04T00:26:18.042+0000] {dag.py:4180} INFO - Setting next_dagrun for data_pipeline to None, run_after=None
[2025-02-04T00:26:18.072+0000] {processor.py:208} INFO - Processing /opt/airflow/dags/example_dag.py took 0.143 seconds
[2025-02-04T00:26:48.348+0000] {processor.py:186} INFO - Started process (PID=443) to work on /opt/airflow/dags/example_dag.py
[2025-02-04T00:26:48.349+0000] {processor.py:914} INFO - Processing file /opt/airflow/dags/example_dag.py for tasks to queue
[2025-02-04T00:26:48.354+0000] {logging_mixin.py:190} INFO - [2025-02-04T00:26:48.353+0000] {dagbag.py:588} INFO - Filling up the DagBag from /opt/airflow/dags/example_dag.py
[2025-02-04T00:26:48.391+0000] {processor.py:925} INFO - DAG(s) 'data_pipeline' retrieved from /opt/airflow/dags/example_dag.py
[2025-02-04T00:26:48.434+0000] {logging_mixin.py:190} INFO - [2025-02-04T00:26:48.434+0000] {dag.py:3239} INFO - Sync 1 DAGs
[2025-02-04T00:26:48.451+0000] {logging_mixin.py:190} INFO - [2025-02-04T00:26:48.450+0000] {dag.py:4180} INFO - Setting next_dagrun for data_pipeline to None, run_after=None
[2025-02-04T00:26:48.470+0000] {processor.py:208} INFO - Processing /opt/airflow/dags/example_dag.py took 0.133 seconds
[2025-02-04T00:27:18.838+0000] {processor.py:186} INFO - Started process (PID=453) to work on /opt/airflow/dags/example_dag.py
[2025-02-04T00:27:18.840+0000] {processor.py:914} INFO - Processing file /opt/airflow/dags/example_dag.py for tasks to queue
[2025-02-04T00:27:18.844+0000] {logging_mixin.py:190} INFO - [2025-02-04T00:27:18.843+0000] {dagbag.py:588} INFO - Filling up the DagBag from /opt/airflow/dags/example_dag.py
[2025-02-04T00:27:18.865+0000] {processor.py:925} INFO - DAG(s) 'data_pipeline' retrieved from /opt/airflow/dags/example_dag.py
[2025-02-04T00:27:18.903+0000] {logging_mixin.py:190} INFO - [2025-02-04T00:27:18.903+0000] {dag.py:3239} INFO - Sync 1 DAGs
[2025-02-04T00:27:18.918+0000] {logging_mixin.py:190} INFO - [2025-02-04T00:27:18.917+0000] {dag.py:4180} INFO - Setting next_dagrun for data_pipeline to None, run_after=None
[2025-02-04T00:27:18.939+0000] {processor.py:208} INFO - Processing /opt/airflow/dags/example_dag.py took 0.110 seconds
[2025-02-04T00:27:49.302+0000] {processor.py:186} INFO - Started process (PID=463) to work on /opt/airflow/dags/example_dag.py
[2025-02-04T00:27:49.303+0000] {processor.py:914} INFO - Processing file /opt/airflow/dags/example_dag.py for tasks to queue
[2025-02-04T00:27:49.308+0000] {logging_mixin.py:190} INFO - [2025-02-04T00:27:49.307+0000] {dagbag.py:588} INFO - Filling up the DagBag from /opt/airflow/dags/example_dag.py
[2025-02-04T00:27:49.344+0000] {processor.py:925} INFO - DAG(s) 'data_pipeline' retrieved from /opt/airflow/dags/example_dag.py
[2025-02-04T00:27:49.389+0000] {logging_mixin.py:190} INFO - [2025-02-04T00:27:49.389+0000] {dag.py:3239} INFO - Sync 1 DAGs
[2025-02-04T00:27:49.414+0000] {logging_mixin.py:190} INFO - [2025-02-04T00:27:49.414+0000] {dag.py:4180} INFO - Setting next_dagrun for data_pipeline to None, run_after=None
[2025-02-04T00:27:49.450+0000] {processor.py:208} INFO - Processing /opt/airflow/dags/example_dag.py took 0.165 seconds
[2025-02-04T00:28:19.766+0000] {processor.py:186} INFO - Started process (PID=473) to work on /opt/airflow/dags/example_dag.py
[2025-02-04T00:28:19.771+0000] {processor.py:914} INFO - Processing file /opt/airflow/dags/example_dag.py for tasks to queue
[2025-02-04T00:28:19.775+0000] {logging_mixin.py:190} INFO - [2025-02-04T00:28:19.775+0000] {dagbag.py:588} INFO - Filling up the DagBag from /opt/airflow/dags/example_dag.py
[2025-02-04T00:28:19.808+0000] {processor.py:925} INFO - DAG(s) 'data_pipeline' retrieved from /opt/airflow/dags/example_dag.py
[2025-02-04T00:28:19.856+0000] {logging_mixin.py:190} INFO - [2025-02-04T00:28:19.855+0000] {dag.py:3239} INFO - Sync 1 DAGs
[2025-02-04T00:28:19.880+0000] {logging_mixin.py:190} INFO - [2025-02-04T00:28:19.879+0000] {dag.py:4180} INFO - Setting next_dagrun for data_pipeline to None, run_after=None
[2025-02-04T00:28:19.904+0000] {processor.py:208} INFO - Processing /opt/airflow/dags/example_dag.py took 0.151 seconds
[2025-02-04T00:28:50.365+0000] {processor.py:186} INFO - Started process (PID=483) to work on /opt/airflow/dags/example_dag.py
[2025-02-04T00:28:50.367+0000] {processor.py:914} INFO - Processing file /opt/airflow/dags/example_dag.py for tasks to queue
[2025-02-04T00:28:50.371+0000] {logging_mixin.py:190} INFO - [2025-02-04T00:28:50.371+0000] {dagbag.py:588} INFO - Filling up the DagBag from /opt/airflow/dags/example_dag.py
[2025-02-04T00:28:50.394+0000] {processor.py:925} INFO - DAG(s) 'data_pipeline' retrieved from /opt/airflow/dags/example_dag.py
[2025-02-04T00:28:50.438+0000] {logging_mixin.py:190} INFO - [2025-02-04T00:28:50.438+0000] {dag.py:3239} INFO - Sync 1 DAGs
[2025-02-04T00:28:50.459+0000] {logging_mixin.py:190} INFO - [2025-02-04T00:28:50.458+0000] {dag.py:4180} INFO - Setting next_dagrun for data_pipeline to None, run_after=None
[2025-02-04T00:28:50.480+0000] {processor.py:208} INFO - Processing /opt/airflow/dags/example_dag.py took 0.127 seconds
[2025-02-04T00:29:20.811+0000] {processor.py:186} INFO - Started process (PID=493) to work on /opt/airflow/dags/example_dag.py
[2025-02-04T00:29:20.814+0000] {processor.py:914} INFO - Processing file /opt/airflow/dags/example_dag.py for tasks to queue
[2025-02-04T00:29:20.820+0000] {logging_mixin.py:190} INFO - [2025-02-04T00:29:20.819+0000] {dagbag.py:588} INFO - Filling up the DagBag from /opt/airflow/dags/example_dag.py
[2025-02-04T00:29:20.857+0000] {processor.py:925} INFO - DAG(s) 'data_pipeline' retrieved from /opt/airflow/dags/example_dag.py
[2025-02-04T00:29:20.912+0000] {logging_mixin.py:190} INFO - [2025-02-04T00:29:20.912+0000] {dag.py:3239} INFO - Sync 1 DAGs
[2025-02-04T00:29:20.936+0000] {logging_mixin.py:190} INFO - [2025-02-04T00:29:20.936+0000] {dag.py:4180} INFO - Setting next_dagrun for data_pipeline to None, run_after=None
[2025-02-04T00:29:20.959+0000] {processor.py:208} INFO - Processing /opt/airflow/dags/example_dag.py took 0.164 seconds
[2025-02-04T00:29:51.349+0000] {processor.py:186} INFO - Started process (PID=503) to work on /opt/airflow/dags/example_dag.py
[2025-02-04T00:29:51.351+0000] {processor.py:914} INFO - Processing file /opt/airflow/dags/example_dag.py for tasks to queue
[2025-02-04T00:29:51.356+0000] {logging_mixin.py:190} INFO - [2025-02-04T00:29:51.355+0000] {dagbag.py:588} INFO - Filling up the DagBag from /opt/airflow/dags/example_dag.py
[2025-02-04T00:29:51.386+0000] {processor.py:925} INFO - DAG(s) 'data_pipeline' retrieved from /opt/airflow/dags/example_dag.py
[2025-02-04T00:29:51.440+0000] {logging_mixin.py:190} INFO - [2025-02-04T00:29:51.440+0000] {dag.py:3239} INFO - Sync 1 DAGs
[2025-02-04T00:29:51.464+0000] {logging_mixin.py:190} INFO - [2025-02-04T00:29:51.464+0000] {dag.py:4180} INFO - Setting next_dagrun for data_pipeline to None, run_after=None
[2025-02-04T00:29:51.488+0000] {processor.py:208} INFO - Processing /opt/airflow/dags/example_dag.py took 0.156 seconds
[2025-02-04T00:30:21.876+0000] {processor.py:186} INFO - Started process (PID=513) to work on /opt/airflow/dags/example_dag.py
[2025-02-04T00:30:21.877+0000] {processor.py:914} INFO - Processing file /opt/airflow/dags/example_dag.py for tasks to queue
[2025-02-04T00:30:21.891+0000] {logging_mixin.py:190} INFO - [2025-02-04T00:30:21.890+0000] {dagbag.py:588} INFO - Filling up the DagBag from /opt/airflow/dags/example_dag.py
[2025-02-04T00:30:21.918+0000] {processor.py:925} INFO - DAG(s) 'data_pipeline' retrieved from /opt/airflow/dags/example_dag.py
[2025-02-04T00:30:21.971+0000] {logging_mixin.py:190} INFO - [2025-02-04T00:30:21.971+0000] {dag.py:3239} INFO - Sync 1 DAGs
[2025-02-04T00:30:21.988+0000] {logging_mixin.py:190} INFO - [2025-02-04T00:30:21.988+0000] {dag.py:4180} INFO - Setting next_dagrun for data_pipeline to None, run_after=None
[2025-02-04T00:30:22.009+0000] {processor.py:208} INFO - Processing /opt/airflow/dags/example_dag.py took 0.142 seconds
[2025-02-04T00:30:52.575+0000] {processor.py:186} INFO - Started process (PID=523) to work on /opt/airflow/dags/example_dag.py
[2025-02-04T00:30:52.578+0000] {processor.py:914} INFO - Processing file /opt/airflow/dags/example_dag.py for tasks to queue
[2025-02-04T00:30:52.594+0000] {logging_mixin.py:190} INFO - [2025-02-04T00:30:52.590+0000] {dagbag.py:588} INFO - Filling up the DagBag from /opt/airflow/dags/example_dag.py
[2025-02-04T00:30:52.649+0000] {processor.py:925} INFO - DAG(s) 'data_pipeline' retrieved from /opt/airflow/dags/example_dag.py
[2025-02-04T00:30:52.717+0000] {logging_mixin.py:190} INFO - [2025-02-04T00:30:52.716+0000] {dag.py:3239} INFO - Sync 1 DAGs
[2025-02-04T00:30:52.749+0000] {logging_mixin.py:190} INFO - [2025-02-04T00:30:52.749+0000] {dag.py:4180} INFO - Setting next_dagrun for data_pipeline to None, run_after=None
[2025-02-04T00:30:52.772+0000] {processor.py:208} INFO - Processing /opt/airflow/dags/example_dag.py took 0.215 seconds
[2025-02-04T01:19:32.106+0000] {processor.py:186} INFO - Started process (PID=165) to work on /opt/airflow/dags/example_dag.py
[2025-02-04T01:19:32.108+0000] {processor.py:914} INFO - Processing file /opt/airflow/dags/example_dag.py for tasks to queue
[2025-02-04T01:19:32.114+0000] {logging_mixin.py:190} INFO - [2025-02-04T01:19:32.113+0000] {dagbag.py:588} INFO - Filling up the DagBag from /opt/airflow/dags/example_dag.py
[2025-02-04T01:19:32.164+0000] {processor.py:925} INFO - DAG(s) 'data_pipeline' retrieved from /opt/airflow/dags/example_dag.py
[2025-02-04T01:19:32.439+0000] {logging_mixin.py:190} INFO - [2025-02-04T01:19:32.438+0000] {override.py:1759} ERROR - Add Permission: (psycopg2.errors.UniqueViolation) duplicate key value violates unique constraint "ab_permission_name_uq"
DETAIL:  Key (name)=(can_delete) already exists.

[SQL: INSERT INTO ab_permission (name) VALUES (%(name)s) RETURNING ab_permission.id]
[parameters: {'name': 'can_delete'}]
(Background on this error at: https://sqlalche.me/e/14/gkpj)
[2025-02-04T01:19:32.444+0000] {logging_mixin.py:190} INFO - [2025-02-04T01:19:32.443+0000] {override.py:1911} INFO - Created Permission View: None on DAG:data_pipeline
[2025-02-04T01:19:32.453+0000] {logging_mixin.py:190} INFO - [2025-02-04T01:19:32.452+0000] {override.py:1911} INFO - Created Permission View: can edit on DAG:data_pipeline
[2025-02-04T01:19:32.458+0000] {logging_mixin.py:190} INFO - [2025-02-04T01:19:32.458+0000] {override.py:1911} INFO - Created Permission View: can read on DAG:data_pipeline
[2025-02-04T01:19:32.463+0000] {logging_mixin.py:190} INFO - [2025-02-04T01:19:32.463+0000] {override.py:1911} INFO - Created Permission View: menu access on DAG Run:data_pipeline
[2025-02-04T01:19:32.468+0000] {logging_mixin.py:190} INFO - [2025-02-04T01:19:32.468+0000] {override.py:1911} INFO - Created Permission View: can delete on DAG Run:data_pipeline
[2025-02-04T01:19:32.473+0000] {logging_mixin.py:190} INFO - [2025-02-04T01:19:32.473+0000] {override.py:1911} INFO - Created Permission View: can read on DAG Run:data_pipeline
[2025-02-04T01:19:32.479+0000] {logging_mixin.py:190} INFO - [2025-02-04T01:19:32.478+0000] {override.py:1911} INFO - Created Permission View: can create on DAG Run:data_pipeline
[2025-02-04T01:19:32.479+0000] {logging_mixin.py:190} INFO - [2025-02-04T01:19:32.479+0000] {dag.py:3239} INFO - Sync 1 DAGs
[2025-02-04T01:19:32.492+0000] {logging_mixin.py:190} INFO - [2025-02-04T01:19:32.492+0000] {dag.py:3262} INFO - Creating ORM DAG for data_pipeline
[2025-02-04T01:19:32.493+0000] {logging_mixin.py:190} INFO - [2025-02-04T01:19:32.493+0000] {dag.py:4180} INFO - Setting next_dagrun for data_pipeline to None, run_after=None
[2025-02-04T01:19:32.507+0000] {processor.py:208} INFO - Processing /opt/airflow/dags/example_dag.py took 0.411 seconds
[2025-02-04T01:20:02.887+0000] {processor.py:186} INFO - Started process (PID=199) to work on /opt/airflow/dags/example_dag.py
[2025-02-04T01:20:02.888+0000] {processor.py:914} INFO - Processing file /opt/airflow/dags/example_dag.py for tasks to queue
[2025-02-04T01:20:02.892+0000] {logging_mixin.py:190} INFO - [2025-02-04T01:20:02.892+0000] {dagbag.py:588} INFO - Filling up the DagBag from /opt/airflow/dags/example_dag.py
[2025-02-04T01:20:02.925+0000] {processor.py:925} INFO - DAG(s) 'data_pipeline' retrieved from /opt/airflow/dags/example_dag.py
[2025-02-04T01:20:02.975+0000] {logging_mixin.py:190} INFO - [2025-02-04T01:20:02.974+0000] {dag.py:3239} INFO - Sync 1 DAGs
[2025-02-04T01:20:02.991+0000] {logging_mixin.py:190} INFO - [2025-02-04T01:20:02.991+0000] {dag.py:4180} INFO - Setting next_dagrun for data_pipeline to None, run_after=None
[2025-02-04T01:20:03.010+0000] {processor.py:208} INFO - Processing /opt/airflow/dags/example_dag.py took 0.133 seconds
[2025-02-04T01:20:33.381+0000] {processor.py:186} INFO - Started process (PID=212) to work on /opt/airflow/dags/example_dag.py
[2025-02-04T01:20:33.382+0000] {processor.py:914} INFO - Processing file /opt/airflow/dags/example_dag.py for tasks to queue
[2025-02-04T01:20:33.385+0000] {logging_mixin.py:190} INFO - [2025-02-04T01:20:33.385+0000] {dagbag.py:588} INFO - Filling up the DagBag from /opt/airflow/dags/example_dag.py
[2025-02-04T01:20:33.412+0000] {processor.py:925} INFO - DAG(s) 'data_pipeline' retrieved from /opt/airflow/dags/example_dag.py
[2025-02-04T01:20:33.447+0000] {logging_mixin.py:190} INFO - [2025-02-04T01:20:33.447+0000] {dag.py:3239} INFO - Sync 1 DAGs
[2025-02-04T01:20:33.464+0000] {logging_mixin.py:190} INFO - [2025-02-04T01:20:33.463+0000] {dag.py:4180} INFO - Setting next_dagrun for data_pipeline to None, run_after=None
[2025-02-04T01:20:33.485+0000] {processor.py:208} INFO - Processing /opt/airflow/dags/example_dag.py took 0.113 seconds
[2025-02-04T01:21:03.807+0000] {processor.py:186} INFO - Started process (PID=222) to work on /opt/airflow/dags/example_dag.py
[2025-02-04T01:21:03.808+0000] {processor.py:914} INFO - Processing file /opt/airflow/dags/example_dag.py for tasks to queue
[2025-02-04T01:21:03.813+0000] {logging_mixin.py:190} INFO - [2025-02-04T01:21:03.813+0000] {dagbag.py:588} INFO - Filling up the DagBag from /opt/airflow/dags/example_dag.py
[2025-02-04T01:21:03.839+0000] {processor.py:925} INFO - DAG(s) 'data_pipeline' retrieved from /opt/airflow/dags/example_dag.py
[2025-02-04T01:21:03.875+0000] {logging_mixin.py:190} INFO - [2025-02-04T01:21:03.874+0000] {dag.py:3239} INFO - Sync 1 DAGs
[2025-02-04T01:21:03.891+0000] {logging_mixin.py:190} INFO - [2025-02-04T01:21:03.891+0000] {dag.py:4180} INFO - Setting next_dagrun for data_pipeline to None, run_after=None
[2025-02-04T01:21:03.912+0000] {processor.py:208} INFO - Processing /opt/airflow/dags/example_dag.py took 0.112 seconds
[2025-02-04T01:21:34.360+0000] {processor.py:186} INFO - Started process (PID=232) to work on /opt/airflow/dags/example_dag.py
[2025-02-04T01:21:34.363+0000] {processor.py:914} INFO - Processing file /opt/airflow/dags/example_dag.py for tasks to queue
[2025-02-04T01:21:34.366+0000] {logging_mixin.py:190} INFO - [2025-02-04T01:21:34.365+0000] {dagbag.py:588} INFO - Filling up the DagBag from /opt/airflow/dags/example_dag.py
[2025-02-04T01:21:34.396+0000] {processor.py:925} INFO - DAG(s) 'data_pipeline' retrieved from /opt/airflow/dags/example_dag.py
[2025-02-04T01:21:34.439+0000] {logging_mixin.py:190} INFO - [2025-02-04T01:21:34.439+0000] {dag.py:3239} INFO - Sync 1 DAGs
[2025-02-04T01:21:34.453+0000] {logging_mixin.py:190} INFO - [2025-02-04T01:21:34.453+0000] {dag.py:4180} INFO - Setting next_dagrun for data_pipeline to None, run_after=None
[2025-02-04T01:21:34.472+0000] {processor.py:208} INFO - Processing /opt/airflow/dags/example_dag.py took 0.120 seconds
[2025-02-04T01:22:04.740+0000] {processor.py:186} INFO - Started process (PID=242) to work on /opt/airflow/dags/example_dag.py
[2025-02-04T01:22:04.741+0000] {processor.py:914} INFO - Processing file /opt/airflow/dags/example_dag.py for tasks to queue
[2025-02-04T01:22:04.745+0000] {logging_mixin.py:190} INFO - [2025-02-04T01:22:04.744+0000] {dagbag.py:588} INFO - Filling up the DagBag from /opt/airflow/dags/example_dag.py
[2025-02-04T01:22:04.770+0000] {processor.py:925} INFO - DAG(s) 'data_pipeline' retrieved from /opt/airflow/dags/example_dag.py
[2025-02-04T01:22:04.805+0000] {logging_mixin.py:190} INFO - [2025-02-04T01:22:04.805+0000] {dag.py:3239} INFO - Sync 1 DAGs
[2025-02-04T01:22:04.818+0000] {logging_mixin.py:190} INFO - [2025-02-04T01:22:04.818+0000] {dag.py:4180} INFO - Setting next_dagrun for data_pipeline to None, run_after=None
[2025-02-04T01:22:04.834+0000] {processor.py:208} INFO - Processing /opt/airflow/dags/example_dag.py took 0.101 seconds
[2025-02-04T01:22:35.178+0000] {processor.py:186} INFO - Started process (PID=252) to work on /opt/airflow/dags/example_dag.py
[2025-02-04T01:22:35.179+0000] {processor.py:914} INFO - Processing file /opt/airflow/dags/example_dag.py for tasks to queue
[2025-02-04T01:22:35.181+0000] {logging_mixin.py:190} INFO - [2025-02-04T01:22:35.181+0000] {dagbag.py:588} INFO - Filling up the DagBag from /opt/airflow/dags/example_dag.py
[2025-02-04T01:22:35.201+0000] {processor.py:925} INFO - DAG(s) 'data_pipeline' retrieved from /opt/airflow/dags/example_dag.py
[2025-02-04T01:22:35.232+0000] {logging_mixin.py:190} INFO - [2025-02-04T01:22:35.232+0000] {dag.py:3239} INFO - Sync 1 DAGs
[2025-02-04T01:22:35.248+0000] {logging_mixin.py:190} INFO - [2025-02-04T01:22:35.248+0000] {dag.py:4180} INFO - Setting next_dagrun for data_pipeline to None, run_after=None
[2025-02-04T01:22:35.265+0000] {processor.py:208} INFO - Processing /opt/airflow/dags/example_dag.py took 0.094 seconds
[2025-02-04T01:23:05.600+0000] {processor.py:186} INFO - Started process (PID=262) to work on /opt/airflow/dags/example_dag.py
[2025-02-04T01:23:05.601+0000] {processor.py:914} INFO - Processing file /opt/airflow/dags/example_dag.py for tasks to queue
[2025-02-04T01:23:05.606+0000] {logging_mixin.py:190} INFO - [2025-02-04T01:23:05.606+0000] {dagbag.py:588} INFO - Filling up the DagBag from /opt/airflow/dags/example_dag.py
[2025-02-04T01:23:05.637+0000] {processor.py:925} INFO - DAG(s) 'data_pipeline' retrieved from /opt/airflow/dags/example_dag.py
[2025-02-04T01:23:05.678+0000] {logging_mixin.py:190} INFO - [2025-02-04T01:23:05.678+0000] {dag.py:3239} INFO - Sync 1 DAGs
[2025-02-04T01:23:05.697+0000] {logging_mixin.py:190} INFO - [2025-02-04T01:23:05.697+0000] {dag.py:4180} INFO - Setting next_dagrun for data_pipeline to None, run_after=None
[2025-02-04T01:23:05.721+0000] {processor.py:208} INFO - Processing /opt/airflow/dags/example_dag.py took 0.132 seconds
[2025-02-04T01:23:36.122+0000] {processor.py:186} INFO - Started process (PID=272) to work on /opt/airflow/dags/example_dag.py
[2025-02-04T01:23:36.123+0000] {processor.py:914} INFO - Processing file /opt/airflow/dags/example_dag.py for tasks to queue
[2025-02-04T01:23:36.126+0000] {logging_mixin.py:190} INFO - [2025-02-04T01:23:36.126+0000] {dagbag.py:588} INFO - Filling up the DagBag from /opt/airflow/dags/example_dag.py
[2025-02-04T01:23:36.146+0000] {processor.py:925} INFO - DAG(s) 'data_pipeline' retrieved from /opt/airflow/dags/example_dag.py
[2025-02-04T01:23:36.173+0000] {logging_mixin.py:190} INFO - [2025-02-04T01:23:36.173+0000] {dag.py:3239} INFO - Sync 1 DAGs
[2025-02-04T01:23:36.189+0000] {logging_mixin.py:190} INFO - [2025-02-04T01:23:36.189+0000] {dag.py:4180} INFO - Setting next_dagrun for data_pipeline to None, run_after=None
[2025-02-04T01:23:36.389+0000] {processor.py:208} INFO - Processing /opt/airflow/dags/example_dag.py took 0.273 seconds
[2025-02-04T01:24:06.765+0000] {processor.py:186} INFO - Started process (PID=282) to work on /opt/airflow/dags/example_dag.py
[2025-02-04T01:24:06.769+0000] {processor.py:914} INFO - Processing file /opt/airflow/dags/example_dag.py for tasks to queue
[2025-02-04T01:24:06.772+0000] {logging_mixin.py:190} INFO - [2025-02-04T01:24:06.771+0000] {dagbag.py:588} INFO - Filling up the DagBag from /opt/airflow/dags/example_dag.py
[2025-02-04T01:24:06.801+0000] {processor.py:925} INFO - DAG(s) 'data_pipeline' retrieved from /opt/airflow/dags/example_dag.py
[2025-02-04T01:24:06.844+0000] {logging_mixin.py:190} INFO - [2025-02-04T01:24:06.843+0000] {dag.py:3239} INFO - Sync 1 DAGs
[2025-02-04T01:24:06.993+0000] {logging_mixin.py:190} INFO - [2025-02-04T01:24:06.993+0000] {dag.py:4180} INFO - Setting next_dagrun for data_pipeline to None, run_after=None
[2025-02-04T01:24:07.012+0000] {processor.py:208} INFO - Processing /opt/airflow/dags/example_dag.py took 0.258 seconds
[2025-02-04T01:24:37.442+0000] {processor.py:186} INFO - Started process (PID=292) to work on /opt/airflow/dags/example_dag.py
[2025-02-04T01:24:37.443+0000] {processor.py:914} INFO - Processing file /opt/airflow/dags/example_dag.py for tasks to queue
[2025-02-04T01:24:37.447+0000] {logging_mixin.py:190} INFO - [2025-02-04T01:24:37.447+0000] {dagbag.py:588} INFO - Filling up the DagBag from /opt/airflow/dags/example_dag.py
[2025-02-04T01:24:37.474+0000] {processor.py:925} INFO - DAG(s) 'data_pipeline' retrieved from /opt/airflow/dags/example_dag.py
[2025-02-04T01:24:37.732+0000] {logging_mixin.py:190} INFO - [2025-02-04T01:24:37.732+0000] {dag.py:3239} INFO - Sync 1 DAGs
[2025-02-04T01:24:37.751+0000] {logging_mixin.py:190} INFO - [2025-02-04T01:24:37.751+0000] {dag.py:4180} INFO - Setting next_dagrun for data_pipeline to None, run_after=None
[2025-02-04T01:24:37.779+0000] {processor.py:208} INFO - Processing /opt/airflow/dags/example_dag.py took 0.346 seconds
[2025-02-04T01:25:08.176+0000] {processor.py:186} INFO - Started process (PID=302) to work on /opt/airflow/dags/example_dag.py
[2025-02-04T01:25:08.177+0000] {processor.py:914} INFO - Processing file /opt/airflow/dags/example_dag.py for tasks to queue
[2025-02-04T01:25:08.181+0000] {logging_mixin.py:190} INFO - [2025-02-04T01:25:08.181+0000] {dagbag.py:588} INFO - Filling up the DagBag from /opt/airflow/dags/example_dag.py
[2025-02-04T01:25:08.324+0000] {processor.py:925} INFO - DAG(s) 'data_pipeline' retrieved from /opt/airflow/dags/example_dag.py
[2025-02-04T01:25:08.351+0000] {logging_mixin.py:190} INFO - [2025-02-04T01:25:08.351+0000] {dag.py:3239} INFO - Sync 1 DAGs
[2025-02-04T01:25:08.362+0000] {logging_mixin.py:190} INFO - [2025-02-04T01:25:08.362+0000] {dag.py:4180} INFO - Setting next_dagrun for data_pipeline to None, run_after=None
[2025-02-04T01:25:08.387+0000] {processor.py:208} INFO - Processing /opt/airflow/dags/example_dag.py took 0.220 seconds
[2025-02-04T01:25:38.631+0000] {processor.py:186} INFO - Started process (PID=312) to work on /opt/airflow/dags/example_dag.py
[2025-02-04T01:25:38.633+0000] {processor.py:914} INFO - Processing file /opt/airflow/dags/example_dag.py for tasks to queue
[2025-02-04T01:25:38.636+0000] {logging_mixin.py:190} INFO - [2025-02-04T01:25:38.635+0000] {dagbag.py:588} INFO - Filling up the DagBag from /opt/airflow/dags/example_dag.py
[2025-02-04T01:25:38.657+0000] {processor.py:925} INFO - DAG(s) 'data_pipeline' retrieved from /opt/airflow/dags/example_dag.py
[2025-02-04T01:25:38.691+0000] {logging_mixin.py:190} INFO - [2025-02-04T01:25:38.691+0000] {dag.py:3239} INFO - Sync 1 DAGs
[2025-02-04T01:25:38.708+0000] {logging_mixin.py:190} INFO - [2025-02-04T01:25:38.708+0000] {dag.py:4180} INFO - Setting next_dagrun for data_pipeline to None, run_after=None
[2025-02-04T01:25:38.729+0000] {processor.py:208} INFO - Processing /opt/airflow/dags/example_dag.py took 0.106 seconds
[2025-02-04T01:26:09.108+0000] {processor.py:186} INFO - Started process (PID=322) to work on /opt/airflow/dags/example_dag.py
[2025-02-04T01:26:09.110+0000] {processor.py:914} INFO - Processing file /opt/airflow/dags/example_dag.py for tasks to queue
[2025-02-04T01:26:09.115+0000] {logging_mixin.py:190} INFO - [2025-02-04T01:26:09.115+0000] {dagbag.py:588} INFO - Filling up the DagBag from /opt/airflow/dags/example_dag.py
[2025-02-04T01:26:09.136+0000] {processor.py:925} INFO - DAG(s) 'data_pipeline' retrieved from /opt/airflow/dags/example_dag.py
[2025-02-04T01:26:09.177+0000] {logging_mixin.py:190} INFO - [2025-02-04T01:26:09.177+0000] {dag.py:3239} INFO - Sync 1 DAGs
[2025-02-04T01:26:09.197+0000] {logging_mixin.py:190} INFO - [2025-02-04T01:26:09.197+0000] {dag.py:4180} INFO - Setting next_dagrun for data_pipeline to None, run_after=None
[2025-02-04T01:26:09.221+0000] {processor.py:208} INFO - Processing /opt/airflow/dags/example_dag.py took 0.123 seconds
[2025-02-04T01:26:39.558+0000] {processor.py:186} INFO - Started process (PID=332) to work on /opt/airflow/dags/example_dag.py
[2025-02-04T01:26:39.559+0000] {processor.py:914} INFO - Processing file /opt/airflow/dags/example_dag.py for tasks to queue
[2025-02-04T01:26:39.563+0000] {logging_mixin.py:190} INFO - [2025-02-04T01:26:39.563+0000] {dagbag.py:588} INFO - Filling up the DagBag from /opt/airflow/dags/example_dag.py
[2025-02-04T01:26:39.581+0000] {processor.py:925} INFO - DAG(s) 'data_pipeline' retrieved from /opt/airflow/dags/example_dag.py
[2025-02-04T01:26:39.612+0000] {logging_mixin.py:190} INFO - [2025-02-04T01:26:39.612+0000] {dag.py:3239} INFO - Sync 1 DAGs
[2025-02-04T01:26:39.627+0000] {logging_mixin.py:190} INFO - [2025-02-04T01:26:39.626+0000] {dag.py:4180} INFO - Setting next_dagrun for data_pipeline to None, run_after=None
[2025-02-04T01:26:39.647+0000] {processor.py:208} INFO - Processing /opt/airflow/dags/example_dag.py took 0.096 seconds
[2025-02-04T01:27:10.032+0000] {processor.py:186} INFO - Started process (PID=342) to work on /opt/airflow/dags/example_dag.py
[2025-02-04T01:27:10.033+0000] {processor.py:914} INFO - Processing file /opt/airflow/dags/example_dag.py for tasks to queue
[2025-02-04T01:27:10.037+0000] {logging_mixin.py:190} INFO - [2025-02-04T01:27:10.036+0000] {dagbag.py:588} INFO - Filling up the DagBag from /opt/airflow/dags/example_dag.py
[2025-02-04T01:27:10.056+0000] {processor.py:925} INFO - DAG(s) 'data_pipeline' retrieved from /opt/airflow/dags/example_dag.py
[2025-02-04T01:27:10.090+0000] {logging_mixin.py:190} INFO - [2025-02-04T01:27:10.090+0000] {dag.py:3239} INFO - Sync 1 DAGs
[2025-02-04T01:27:10.106+0000] {logging_mixin.py:190} INFO - [2025-02-04T01:27:10.105+0000] {dag.py:4180} INFO - Setting next_dagrun for data_pipeline to None, run_after=None
[2025-02-04T01:27:10.123+0000] {processor.py:208} INFO - Processing /opt/airflow/dags/example_dag.py took 0.098 seconds
[2025-02-04T01:27:40.392+0000] {processor.py:186} INFO - Started process (PID=352) to work on /opt/airflow/dags/example_dag.py
[2025-02-04T01:27:40.394+0000] {processor.py:914} INFO - Processing file /opt/airflow/dags/example_dag.py for tasks to queue
[2025-02-04T01:27:40.398+0000] {logging_mixin.py:190} INFO - [2025-02-04T01:27:40.397+0000] {dagbag.py:588} INFO - Filling up the DagBag from /opt/airflow/dags/example_dag.py
[2025-02-04T01:27:40.435+0000] {processor.py:925} INFO - DAG(s) 'data_pipeline' retrieved from /opt/airflow/dags/example_dag.py
[2025-02-04T01:27:40.477+0000] {logging_mixin.py:190} INFO - [2025-02-04T01:27:40.477+0000] {dag.py:3239} INFO - Sync 1 DAGs
[2025-02-04T01:27:40.497+0000] {logging_mixin.py:190} INFO - [2025-02-04T01:27:40.497+0000] {dag.py:4180} INFO - Setting next_dagrun for data_pipeline to None, run_after=None
[2025-02-04T01:27:40.520+0000] {processor.py:208} INFO - Processing /opt/airflow/dags/example_dag.py took 0.137 seconds
[2025-02-04T01:28:10.923+0000] {processor.py:186} INFO - Started process (PID=362) to work on /opt/airflow/dags/example_dag.py
[2025-02-04T01:28:10.924+0000] {processor.py:914} INFO - Processing file /opt/airflow/dags/example_dag.py for tasks to queue
[2025-02-04T01:28:10.928+0000] {logging_mixin.py:190} INFO - [2025-02-04T01:28:10.927+0000] {dagbag.py:588} INFO - Filling up the DagBag from /opt/airflow/dags/example_dag.py
[2025-02-04T01:28:10.949+0000] {processor.py:925} INFO - DAG(s) 'data_pipeline' retrieved from /opt/airflow/dags/example_dag.py
[2025-02-04T01:28:10.985+0000] {logging_mixin.py:190} INFO - [2025-02-04T01:28:10.985+0000] {dag.py:3239} INFO - Sync 1 DAGs
[2025-02-04T01:28:11.001+0000] {logging_mixin.py:190} INFO - [2025-02-04T01:28:11.001+0000] {dag.py:4180} INFO - Setting next_dagrun for data_pipeline to None, run_after=None
[2025-02-04T01:28:11.025+0000] {processor.py:208} INFO - Processing /opt/airflow/dags/example_dag.py took 0.111 seconds
[2025-02-04T01:34:46.895+0000] {processor.py:186} INFO - Started process (PID=165) to work on /opt/airflow/dags/example_dag.py
[2025-02-04T01:34:46.899+0000] {processor.py:914} INFO - Processing file /opt/airflow/dags/example_dag.py for tasks to queue
[2025-02-04T01:34:46.914+0000] {logging_mixin.py:190} INFO - [2025-02-04T01:34:46.913+0000] {dagbag.py:588} INFO - Filling up the DagBag from /opt/airflow/dags/example_dag.py
[2025-02-04T01:34:46.978+0000] {processor.py:925} INFO - DAG(s) 'data_pipeline' retrieved from /opt/airflow/dags/example_dag.py
[2025-02-04T01:34:47.267+0000] {logging_mixin.py:190} INFO - [2025-02-04T01:34:47.267+0000] {override.py:1759} ERROR - Add Permission: (psycopg2.errors.UniqueViolation) duplicate key value violates unique constraint "ab_permission_name_uq"
DETAIL:  Key (name)=(can_read) already exists.

[SQL: INSERT INTO ab_permission (name) VALUES (%(name)s) RETURNING ab_permission.id]
[parameters: {'name': 'can_read'}]
(Background on this error at: https://sqlalche.me/e/14/gkpj)
[2025-02-04T01:34:47.274+0000] {logging_mixin.py:190} INFO - [2025-02-04T01:34:47.273+0000] {override.py:1911} INFO - Created Permission View: None on DAG:data_pipeline
[2025-02-04T01:34:47.280+0000] {logging_mixin.py:190} INFO - [2025-02-04T01:34:47.280+0000] {override.py:1911} INFO - Created Permission View: can edit on DAG:data_pipeline
[2025-02-04T01:34:47.286+0000] {logging_mixin.py:190} INFO - [2025-02-04T01:34:47.286+0000] {override.py:1759} ERROR - Add Permission: (psycopg2.errors.UniqueViolation) duplicate key value violates unique constraint "ab_permission_name_uq"
DETAIL:  Key (name)=(can_delete) already exists.

[SQL: INSERT INTO ab_permission (name) VALUES (%(name)s) RETURNING ab_permission.id]
[parameters: {'name': 'can_delete'}]
(Background on this error at: https://sqlalche.me/e/14/gkpj)
[2025-02-04T01:34:47.290+0000] {logging_mixin.py:190} INFO - [2025-02-04T01:34:47.290+0000] {override.py:1911} INFO - Created Permission View: None on DAG:data_pipeline
[2025-02-04T01:34:47.300+0000] {logging_mixin.py:190} INFO - [2025-02-04T01:34:47.300+0000] {override.py:1911} INFO - Created Permission View: can read on DAG Run:data_pipeline
[2025-02-04T01:34:47.306+0000] {logging_mixin.py:190} INFO - [2025-02-04T01:34:47.306+0000] {override.py:1911} INFO - Created Permission View: can create on DAG Run:data_pipeline
[2025-02-04T01:34:47.320+0000] {logging_mixin.py:190} INFO - [2025-02-04T01:34:47.320+0000] {override.py:1911} INFO - Created Permission View: can delete on DAG Run:data_pipeline
[2025-02-04T01:34:47.328+0000] {logging_mixin.py:190} INFO - [2025-02-04T01:34:47.327+0000] {override.py:1911} INFO - Created Permission View: menu access on DAG Run:data_pipeline
[2025-02-04T01:34:47.331+0000] {logging_mixin.py:190} INFO - [2025-02-04T01:34:47.331+0000] {dag.py:3239} INFO - Sync 1 DAGs
[2025-02-04T01:34:47.343+0000] {logging_mixin.py:190} INFO - [2025-02-04T01:34:47.343+0000] {dag.py:3262} INFO - Creating ORM DAG for data_pipeline
[2025-02-04T01:34:47.344+0000] {logging_mixin.py:190} INFO - [2025-02-04T01:34:47.344+0000] {dag.py:4180} INFO - Setting next_dagrun for data_pipeline to None, run_after=None
[2025-02-04T01:34:47.361+0000] {processor.py:208} INFO - Processing /opt/airflow/dags/example_dag.py took 0.476 seconds
[2025-02-04T01:35:17.720+0000] {processor.py:186} INFO - Started process (PID=212) to work on /opt/airflow/dags/example_dag.py
[2025-02-04T01:35:17.722+0000] {processor.py:914} INFO - Processing file /opt/airflow/dags/example_dag.py for tasks to queue
[2025-02-04T01:35:17.730+0000] {logging_mixin.py:190} INFO - [2025-02-04T01:35:17.728+0000] {dagbag.py:588} INFO - Filling up the DagBag from /opt/airflow/dags/example_dag.py
[2025-02-04T01:35:17.764+0000] {processor.py:925} INFO - DAG(s) 'data_pipeline' retrieved from /opt/airflow/dags/example_dag.py
[2025-02-04T01:35:17.821+0000] {logging_mixin.py:190} INFO - [2025-02-04T01:35:17.821+0000] {dag.py:3239} INFO - Sync 1 DAGs
[2025-02-04T01:35:17.844+0000] {logging_mixin.py:190} INFO - [2025-02-04T01:35:17.844+0000] {dag.py:4180} INFO - Setting next_dagrun for data_pipeline to None, run_after=None
[2025-02-04T01:35:17.874+0000] {processor.py:208} INFO - Processing /opt/airflow/dags/example_dag.py took 0.166 seconds
[2025-02-04T01:35:48.333+0000] {processor.py:186} INFO - Started process (PID=225) to work on /opt/airflow/dags/example_dag.py
[2025-02-04T01:35:48.335+0000] {processor.py:914} INFO - Processing file /opt/airflow/dags/example_dag.py for tasks to queue
[2025-02-04T01:35:48.341+0000] {logging_mixin.py:190} INFO - [2025-02-04T01:35:48.340+0000] {dagbag.py:588} INFO - Filling up the DagBag from /opt/airflow/dags/example_dag.py
[2025-02-04T01:35:48.377+0000] {processor.py:925} INFO - DAG(s) 'data_pipeline' retrieved from /opt/airflow/dags/example_dag.py
[2025-02-04T01:35:48.428+0000] {logging_mixin.py:190} INFO - [2025-02-04T01:35:48.428+0000] {dag.py:3239} INFO - Sync 1 DAGs
[2025-02-04T01:35:48.451+0000] {logging_mixin.py:190} INFO - [2025-02-04T01:35:48.451+0000] {dag.py:4180} INFO - Setting next_dagrun for data_pipeline to None, run_after=None
[2025-02-04T01:35:48.471+0000] {processor.py:208} INFO - Processing /opt/airflow/dags/example_dag.py took 0.147 seconds
[2025-02-04T01:36:18.680+0000] {processor.py:186} INFO - Started process (PID=252) to work on /opt/airflow/dags/example_dag.py
[2025-02-04T01:36:18.681+0000] {processor.py:914} INFO - Processing file /opt/airflow/dags/example_dag.py for tasks to queue
[2025-02-04T01:36:18.684+0000] {logging_mixin.py:190} INFO - [2025-02-04T01:36:18.684+0000] {dagbag.py:588} INFO - Filling up the DagBag from /opt/airflow/dags/example_dag.py
[2025-02-04T01:36:18.707+0000] {processor.py:925} INFO - DAG(s) 'data_pipeline' retrieved from /opt/airflow/dags/example_dag.py
[2025-02-04T01:36:18.754+0000] {logging_mixin.py:190} INFO - [2025-02-04T01:36:18.754+0000] {dag.py:3239} INFO - Sync 1 DAGs
[2025-02-04T01:36:18.774+0000] {logging_mixin.py:190} INFO - [2025-02-04T01:36:18.773+0000] {dag.py:4180} INFO - Setting next_dagrun for data_pipeline to None, run_after=None
[2025-02-04T01:36:18.795+0000] {processor.py:208} INFO - Processing /opt/airflow/dags/example_dag.py took 0.124 seconds
[2025-02-04T01:36:49.211+0000] {processor.py:186} INFO - Started process (PID=279) to work on /opt/airflow/dags/example_dag.py
[2025-02-04T01:36:49.214+0000] {processor.py:914} INFO - Processing file /opt/airflow/dags/example_dag.py for tasks to queue
[2025-02-04T01:36:49.218+0000] {logging_mixin.py:190} INFO - [2025-02-04T01:36:49.217+0000] {dagbag.py:588} INFO - Filling up the DagBag from /opt/airflow/dags/example_dag.py
[2025-02-04T01:36:49.243+0000] {processor.py:925} INFO - DAG(s) 'data_pipeline' retrieved from /opt/airflow/dags/example_dag.py
[2025-02-04T01:36:49.282+0000] {logging_mixin.py:190} INFO - [2025-02-04T01:36:49.281+0000] {dag.py:3239} INFO - Sync 1 DAGs
[2025-02-04T01:36:49.299+0000] {logging_mixin.py:190} INFO - [2025-02-04T01:36:49.299+0000] {dag.py:4180} INFO - Setting next_dagrun for data_pipeline to None, run_after=None
[2025-02-04T01:36:49.321+0000] {processor.py:208} INFO - Processing /opt/airflow/dags/example_dag.py took 0.120 seconds
[2025-02-04T01:37:19.722+0000] {processor.py:186} INFO - Started process (PID=289) to work on /opt/airflow/dags/example_dag.py
[2025-02-04T01:37:19.723+0000] {processor.py:914} INFO - Processing file /opt/airflow/dags/example_dag.py for tasks to queue
[2025-02-04T01:37:19.726+0000] {logging_mixin.py:190} INFO - [2025-02-04T01:37:19.726+0000] {dagbag.py:588} INFO - Filling up the DagBag from /opt/airflow/dags/example_dag.py
[2025-02-04T01:37:19.746+0000] {processor.py:925} INFO - DAG(s) 'data_pipeline' retrieved from /opt/airflow/dags/example_dag.py
[2025-02-04T01:37:19.778+0000] {logging_mixin.py:190} INFO - [2025-02-04T01:37:19.778+0000] {dag.py:3239} INFO - Sync 1 DAGs
[2025-02-04T01:37:19.795+0000] {logging_mixin.py:190} INFO - [2025-02-04T01:37:19.794+0000] {dag.py:4180} INFO - Setting next_dagrun for data_pipeline to None, run_after=None
[2025-02-04T01:37:19.812+0000] {processor.py:208} INFO - Processing /opt/airflow/dags/example_dag.py took 0.098 seconds
