[2025-02-04T01:36:36.050+0000] {local_task_job_runner.py:123} INFO - ::group::Pre task execution logs
[2025-02-04T01:36:36.074+0000] {taskinstance.py:2613} INFO - Dependencies all met for dep_context=non-requeueable deps ti=<TaskInstance: dbt_pipeline.run_dbt manual__2025-02-04T01:36:35.732773+00:00 [queued]>
[2025-02-04T01:36:36.084+0000] {taskinstance.py:2613} INFO - Dependencies all met for dep_context=requeueable deps ti=<TaskInstance: dbt_pipeline.run_dbt manual__2025-02-04T01:36:35.732773+00:00 [queued]>
[2025-02-04T01:36:36.085+0000] {taskinstance.py:2866} INFO - Starting attempt 1 of 1
[2025-02-04T01:36:36.100+0000] {taskinstance.py:2889} INFO - Executing <Task(BashOperator): run_dbt> on 2025-02-04 01:36:35.732773+00:00
[2025-02-04T01:36:36.106+0000] {logging_mixin.py:190} WARNING - /home/airflow/.local/lib/python3.12/site-packages/airflow/task/task_runner/standard_task_runner.py:70 DeprecationWarning: This process (pid=262) is multi-threaded, use of fork() may lead to deadlocks in the child.
[2025-02-04T01:36:36.107+0000] {standard_task_runner.py:72} INFO - Started process 263 to run task
[2025-02-04T01:36:36.107+0000] {standard_task_runner.py:104} INFO - Running: ['airflow', 'tasks', 'run', 'dbt_pipeline', 'run_dbt', 'manual__2025-02-04T01:36:35.732773+00:00', '--job-id', '4', '--raw', '--subdir', 'DAGS_FOLDER/dbt_dag.py', '--cfg-path', '/tmp/tmppjqk25_8']
[2025-02-04T01:36:36.109+0000] {standard_task_runner.py:105} INFO - Job 4: Subtask run_dbt
[2025-02-04T01:36:36.126+0000] {logging_mixin.py:190} WARNING - /home/airflow/.local/lib/python3.12/site-packages/airflow/settings.py:209 DeprecationWarning: The sql_alchemy_conn option in [core] has been moved to the sql_alchemy_conn option in [database] - the old setting has been used, but please update your config.
[2025-02-04T01:36:36.160+0000] {task_command.py:467} INFO - Running <TaskInstance: dbt_pipeline.run_dbt manual__2025-02-04T01:36:35.732773+00:00 [running]> on host 57157ff74342
[2025-02-04T01:36:36.238+0000] {taskinstance.py:3132} INFO - Exporting env vars: AIRFLOW_CTX_DAG_OWNER='airflow' AIRFLOW_CTX_DAG_ID='dbt_pipeline' AIRFLOW_CTX_TASK_ID='run_dbt' AIRFLOW_CTX_EXECUTION_DATE='2025-02-04T01:36:35.732773+00:00' AIRFLOW_CTX_TRY_NUMBER='1' AIRFLOW_CTX_DAG_RUN_ID='manual__2025-02-04T01:36:35.732773+00:00'
[2025-02-04T01:36:36.239+0000] {taskinstance.py:731} INFO - ::endgroup::
[2025-02-04T01:36:36.257+0000] {subprocess.py:78} INFO - Tmp dir root location: /tmp
[2025-02-04T01:36:36.258+0000] {subprocess.py:88} INFO - Running command: ['/usr/bin/bash', '-c', 'docker exec dbt dbt run']
[2025-02-04T01:36:36.266+0000] {subprocess.py:99} INFO - Output:
[2025-02-04T01:36:38.203+0000] {subprocess.py:106} INFO - [0m01:36:38  Running with dbt=1.9.2
[2025-02-04T01:36:38.493+0000] {subprocess.py:106} INFO - [0m01:36:38  Registered adapter: postgres=1.9.0
[2025-02-04T01:36:38.838+0000] {subprocess.py:106} INFO - [0m01:36:38  Found 2 models, 431 macros
[2025-02-04T01:36:38.840+0000] {subprocess.py:106} INFO - [0m01:36:38
[2025-02-04T01:36:38.841+0000] {subprocess.py:106} INFO - [0m01:36:38  Concurrency: 4 threads (target='dev')
[2025-02-04T01:36:38.841+0000] {subprocess.py:106} INFO - [0m01:36:38
[2025-02-04T01:36:39.015+0000] {subprocess.py:106} INFO - [0m01:36:39  1 of 2 START sql view model public.stg_payment_amount .......................... [RUN]
[2025-02-04T01:36:39.132+0000] {subprocess.py:106} INFO - [0m01:36:39  1 of 2 OK created sql view model public.stg_payment_amount ..................... [[32mCREATE VIEW[0m in 0.11s]
[2025-02-04T01:36:39.134+0000] {subprocess.py:106} INFO - [0m01:36:39  2 of 2 START sql table model public.payment_amount ............................. [RUN]
[2025-02-04T01:36:39.204+0000] {subprocess.py:106} INFO - [0m01:36:39  2 of 2 OK created sql table model public.payment_amount ........................ [[32mSELECT 239[0m in 0.07s]
[2025-02-04T01:36:39.217+0000] {subprocess.py:106} INFO - [0m01:36:39
[2025-02-04T01:36:39.217+0000] {subprocess.py:106} INFO - [0m01:36:39  Finished running 1 table model, 1 view model in 0 hours 0 minutes and 0.38 seconds (0.38s).
[2025-02-04T01:36:39.249+0000] {subprocess.py:106} INFO - [0m01:36:39
[2025-02-04T01:36:39.250+0000] {subprocess.py:106} INFO - [0m01:36:39  [32mCompleted successfully[0m
[2025-02-04T01:36:39.250+0000] {subprocess.py:106} INFO - [0m01:36:39
[2025-02-04T01:36:39.250+0000] {subprocess.py:106} INFO - [0m01:36:39  Done. PASS=2 WARN=0 ERROR=0 SKIP=0 TOTAL=2
[2025-02-04T01:36:40.090+0000] {subprocess.py:110} INFO - Command exited with return code 0
[2025-02-04T01:36:40.117+0000] {taskinstance.py:340} INFO - ::group::Post task execution logs
[2025-02-04T01:36:40.117+0000] {taskinstance.py:352} INFO - Marking task as SUCCESS. dag_id=dbt_pipeline, task_id=run_dbt, run_id=manual__2025-02-04T01:36:35.732773+00:00, execution_date=20250204T013635, start_date=20250204T013636, end_date=20250204T013640
[2025-02-04T01:36:40.162+0000] {local_task_job_runner.py:266} INFO - Task exited with return code 0
[2025-02-04T01:36:40.179+0000] {taskinstance.py:3895} INFO - 0 downstream tasks scheduled from follow-on schedule check
[2025-02-04T01:36:40.181+0000] {local_task_job_runner.py:245} INFO - ::endgroup::
